[0.011s] Invoking command in '/home/iltebir/frost_princess/fp_tvc_ws/build/rocket_gazebo': CMAKE_PREFIX_PATH=${CMAKE_PREFIX_PATH}:/opt/ros/jazzy DEBUGINFOD_URLS=https://debuginfod.ubuntu.com /usr/bin/cmake /home/iltebir/frost_princess/fp_tvc_ws/src/rocket_gazebo -DCMAKE_INSTALL_PREFIX=/home/iltebir/frost_princess/fp_tvc_ws/install/rocket_gazebo
[0.116s] -- The C compiler identification is GNU 13.3.0
[0.191s] -- The CXX compiler identification is GNU 13.3.0
[0.206s] -- Detecting C compiler ABI info
[0.286s] -- Detecting C compiler ABI info - done
[0.297s] -- Check for working C compiler: /usr/bin/cc - skipped
[0.297s] -- Detecting C compile features
[0.298s] -- Detecting C compile features - done
[0.305s] -- Detecting CXX compiler ABI info
[0.388s] -- Detecting CXX compiler ABI info - done
[0.394s] -- Check for working CXX compiler: /usr/bin/c++ - skipped
[0.395s] -- Detecting CXX compile features
[0.395s] -- Detecting CXX compile features - done
[0.404s] -- Found ament_cmake: 2.5.6 (/opt/ros/jazzy/share/ament_cmake/cmake)
[0.528s] -- Found Python3: /usr/bin/python3 (found version "3.12.3") found components: Interpreter 
[0.630s] -- Found ament_lint_auto: 0.17.5 (/opt/ros/jazzy/share/ament_lint_auto/cmake)
[0.713s] -- Added test 'flake8' to check Python code syntax and style conventions
[0.713s] -- Configured 'flake8' exclude dirs and/or files: 
[0.714s] -- Added test 'lint_cmake' to check CMake code style
[0.714s] -- Added test 'pep257' to check Python code against some of the docstring style conventions in PEP 257
[0.715s] -- Added test 'xmllint' to check XML markup files
[0.717s] -- Configuring done (0.7s)
[0.719s] -- Generating done (0.0s)
[0.721s] -- Build files have been written to: /home/iltebir/frost_princess/fp_tvc_ws/build/rocket_gazebo
[0.726s] Invoked command in '/home/iltebir/frost_princess/fp_tvc_ws/build/rocket_gazebo' returned '0': CMAKE_PREFIX_PATH=${CMAKE_PREFIX_PATH}:/opt/ros/jazzy DEBUGINFOD_URLS=https://debuginfod.ubuntu.com /usr/bin/cmake /home/iltebir/frost_princess/fp_tvc_ws/src/rocket_gazebo -DCMAKE_INSTALL_PREFIX=/home/iltebir/frost_princess/fp_tvc_ws/install/rocket_gazebo
[0.727s] Invoking command in '/home/iltebir/frost_princess/fp_tvc_ws/build/rocket_gazebo': CMAKE_PREFIX_PATH=${CMAKE_PREFIX_PATH}:/opt/ros/jazzy DEBUGINFOD_URLS=https://debuginfod.ubuntu.com /usr/bin/cmake --build /home/iltebir/frost_princess/fp_tvc_ws/build/rocket_gazebo -- -j12 -l12
[0.769s] Invoked command in '/home/iltebir/frost_princess/fp_tvc_ws/build/rocket_gazebo' returned '0': CMAKE_PREFIX_PATH=${CMAKE_PREFIX_PATH}:/opt/ros/jazzy DEBUGINFOD_URLS=https://debuginfod.ubuntu.com /usr/bin/cmake --build /home/iltebir/frost_princess/fp_tvc_ws/build/rocket_gazebo -- -j12 -l12
[0.770s] Invoking command in '/home/iltebir/frost_princess/fp_tvc_ws/build/rocket_gazebo': CMAKE_PREFIX_PATH=${CMAKE_PREFIX_PATH}:/opt/ros/jazzy DEBUGINFOD_URLS=https://debuginfod.ubuntu.com /usr/bin/cmake --install /home/iltebir/frost_princess/fp_tvc_ws/build/rocket_gazebo
[0.779s] -- Install configuration: ""
[0.779s] -- Installing: /home/iltebir/frost_princess/fp_tvc_ws/install/rocket_gazebo/share/ament_index/resource_index/package_run_dependencies/rocket_gazebo
[0.779s] -- Installing: /home/iltebir/frost_princess/fp_tvc_ws/install/rocket_gazebo/share/ament_index/resource_index/parent_prefix_path/rocket_gazebo
[0.780s] -- Installing: /home/iltebir/frost_princess/fp_tvc_ws/install/rocket_gazebo/share/rocket_gazebo/environment/ament_prefix_path.sh
[0.780s] -- Installing: /home/iltebir/frost_princess/fp_tvc_ws/install/rocket_gazebo/share/rocket_gazebo/environment/ament_prefix_path.dsv
[0.780s] -- Installing: /home/iltebir/frost_princess/fp_tvc_ws/install/rocket_gazebo/share/rocket_gazebo/environment/path.sh
[0.780s] -- Installing: /home/iltebir/frost_princess/fp_tvc_ws/install/rocket_gazebo/share/rocket_gazebo/environment/path.dsv
[0.780s] -- Installing: /home/iltebir/frost_princess/fp_tvc_ws/install/rocket_gazebo/share/rocket_gazebo/local_setup.bash
[0.781s] -- Installing: /home/iltebir/frost_princess/fp_tvc_ws/install/rocket_gazebo/share/rocket_gazebo/local_setup.sh
[0.781s] -- Installing: /home/iltebir/frost_princess/fp_tvc_ws/install/rocket_gazebo/share/rocket_gazebo/local_setup.zsh
[0.781s] -- Installing: /home/iltebir/frost_princess/fp_tvc_ws/install/rocket_gazebo/share/rocket_gazebo/local_setup.dsv
[0.782s] -- Installing: /home/iltebir/frost_princess/fp_tvc_ws/install/rocket_gazebo/share/rocket_gazebo/package.dsv
[0.782s] -- Installing: /home/iltebir/frost_princess/fp_tvc_ws/install/rocket_gazebo/share/ament_index/resource_index/packages/rocket_gazebo
[0.783s] -- Installing: /home/iltebir/frost_princess/fp_tvc_ws/install/rocket_gazebo/share/rocket_gazebo/cmake/rocket_gazeboConfig.cmake
[0.783s] -- Installing: /home/iltebir/frost_princess/fp_tvc_ws/install/rocket_gazebo/share/rocket_gazebo/cmake/rocket_gazeboConfig-version.cmake
[0.783s] -- Installing: /home/iltebir/frost_princess/fp_tvc_ws/install/rocket_gazebo/share/rocket_gazebo/package.xml
[0.796s] Invoked command in '/home/iltebir/frost_princess/fp_tvc_ws/build/rocket_gazebo' returned '0': CMAKE_PREFIX_PATH=${CMAKE_PREFIX_PATH}:/opt/ros/jazzy DEBUGINFOD_URLS=https://debuginfod.ubuntu.com /usr/bin/cmake --install /home/iltebir/frost_princess/fp_tvc_ws/build/rocket_gazebo
