[0.012s] Invoking command in '/home/iltebir/frost_princess/fp_tvc_ws/build/rocket_description': CMAKE_PREFIX_PATH=${CMAKE_PREFIX_PATH}:/opt/ros/jazzy DEBUGINFOD_URLS=https://debuginfod.ubuntu.com /usr/bin/cmake /home/iltebir/frost_princess/fp_tvc_ws/src/rocket_description -DCMAKE_INSTALL_PREFIX=/home/iltebir/frost_princess/fp_tvc_ws/install/rocket_description
[0.119s] -- The C compiler identification is GNU 13.3.0
[0.194s] -- The CXX compiler identification is GNU 13.3.0
[0.209s] -- Detecting C compiler ABI info
[0.285s] -- Detecting C compiler ABI info - done
[0.295s] -- Check for working C compiler: /usr/bin/cc - skipped
[0.295s] -- Detecting C compile features
[0.296s] -- Detecting C compile features - done
[0.305s] -- Detecting CXX compiler ABI info
[0.385s] -- Detecting CXX compiler ABI info - done
[0.396s] -- Check for working CXX compiler: /usr/bin/c++ - skipped
[0.396s] -- Detecting CXX compile features
[0.396s] -- Detecting CXX compile features - done
[0.407s] -- Found ament_cmake: 2.5.6 (/opt/ros/jazzy/share/ament_cmake/cmake)
[0.532s] -- Found Python3: /usr/bin/python3 (found version "3.12.3") found components: Interpreter 
[0.633s] -- Found ament_lint_auto: 0.17.5 (/opt/ros/jazzy/share/ament_lint_auto/cmake)
[0.716s] -- Added test 'lint_cmake' to check CMake code style
[0.717s] -- Added test 'xmllint' to check XML markup files
[0.718s] -- Configuring done (0.7s)
[0.720s] -- Generating done (0.0s)
[0.722s] -- Build files have been written to: /home/iltebir/frost_princess/fp_tvc_ws/build/rocket_description
[0.727s] Invoked command in '/home/iltebir/frost_princess/fp_tvc_ws/build/rocket_description' returned '0': CMAKE_PREFIX_PATH=${CMAKE_PREFIX_PATH}:/opt/ros/jazzy DEBUGINFOD_URLS=https://debuginfod.ubuntu.com /usr/bin/cmake /home/iltebir/frost_princess/fp_tvc_ws/src/rocket_description -DCMAKE_INSTALL_PREFIX=/home/iltebir/frost_princess/fp_tvc_ws/install/rocket_description
[0.728s] Invoking command in '/home/iltebir/frost_princess/fp_tvc_ws/build/rocket_description': CMAKE_PREFIX_PATH=${CMAKE_PREFIX_PATH}:/opt/ros/jazzy DEBUGINFOD_URLS=https://debuginfod.ubuntu.com /usr/bin/cmake --build /home/iltebir/frost_princess/fp_tvc_ws/build/rocket_description -- -j12 -l12
[0.769s] Invoked command in '/home/iltebir/frost_princess/fp_tvc_ws/build/rocket_description' returned '0': CMAKE_PREFIX_PATH=${CMAKE_PREFIX_PATH}:/opt/ros/jazzy DEBUGINFOD_URLS=https://debuginfod.ubuntu.com /usr/bin/cmake --build /home/iltebir/frost_princess/fp_tvc_ws/build/rocket_description -- -j12 -l12
[0.771s] Invoking command in '/home/iltebir/frost_princess/fp_tvc_ws/build/rocket_description': CMAKE_PREFIX_PATH=${CMAKE_PREFIX_PATH}:/opt/ros/jazzy DEBUGINFOD_URLS=https://debuginfod.ubuntu.com /usr/bin/cmake --install /home/iltebir/frost_princess/fp_tvc_ws/build/rocket_description
[0.780s] -- Install configuration: ""
[0.780s] -- Installing: /home/iltebir/frost_princess/fp_tvc_ws/install/rocket_description/share/ament_index/resource_index/package_run_dependencies/rocket_description
[0.780s] -- Installing: /home/iltebir/frost_princess/fp_tvc_ws/install/rocket_description/share/ament_index/resource_index/parent_prefix_path/rocket_description
[0.781s] -- Installing: /home/iltebir/frost_princess/fp_tvc_ws/install/rocket_description/share/rocket_description/environment/ament_prefix_path.sh
[0.781s] -- Installing: /home/iltebir/frost_princess/fp_tvc_ws/install/rocket_description/share/rocket_description/environment/ament_prefix_path.dsv
[0.781s] -- Installing: /home/iltebir/frost_princess/fp_tvc_ws/install/rocket_description/share/rocket_description/environment/path.sh
[0.781s] -- Installing: /home/iltebir/frost_princess/fp_tvc_ws/install/rocket_description/share/rocket_description/environment/path.dsv
[0.781s] -- Installing: /home/iltebir/frost_princess/fp_tvc_ws/install/rocket_description/share/rocket_description/local_setup.bash
[0.781s] -- Installing: /home/iltebir/frost_princess/fp_tvc_ws/install/rocket_description/share/rocket_description/local_setup.sh
[0.782s] -- Installing: /home/iltebir/frost_princess/fp_tvc_ws/install/rocket_description/share/rocket_description/local_setup.zsh
[0.782s] -- Installing: /home/iltebir/frost_princess/fp_tvc_ws/install/rocket_description/share/rocket_description/local_setup.dsv
[0.782s] -- Installing: /home/iltebir/frost_princess/fp_tvc_ws/install/rocket_description/share/rocket_description/package.dsv
[0.782s] -- Installing: /home/iltebir/frost_princess/fp_tvc_ws/install/rocket_description/share/ament_index/resource_index/packages/rocket_description
[0.782s] -- Installing: /home/iltebir/frost_princess/fp_tvc_ws/install/rocket_description/share/rocket_description/cmake/rocket_descriptionConfig.cmake
[0.783s] -- Installing: /home/iltebir/frost_princess/fp_tvc_ws/install/rocket_description/share/rocket_description/cmake/rocket_descriptionConfig-version.cmake
[0.783s] -- Installing: /home/iltebir/frost_princess/fp_tvc_ws/install/rocket_description/share/rocket_description/package.xml
[0.786s] Invoked command in '/home/iltebir/frost_princess/fp_tvc_ws/build/rocket_description' returned '0': CMAKE_PREFIX_PATH=${CMAKE_PREFIX_PATH}:/opt/ros/jazzy DEBUGINFOD_URLS=https://debuginfod.ubuntu.com /usr/bin/cmake --install /home/iltebir/frost_princess/fp_tvc_ws/build/rocket_description
