[0.009s] Invoking command in '/home/iltebir/frost_princess/fp_tvc_ws/build/cpp_pubsub': CMAKE_PREFIX_PATH=${CMAKE_PREFIX_PATH}:/opt/ros/jazzy DEBUGINFOD_URLS=https://debuginfod.ubuntu.com /usr/bin/cmake --build /home/iltebir/frost_princess/fp_tvc_ws/build/cpp_pubsub -- -j12 -l12
[0.035s] -- Found ament_lint_auto: 0.17.5 (/opt/ros/jazzy/share/ament_lint_auto/cmake)
[0.268s] -- Found ament_cmake: 2.5.6 (/opt/ros/jazzy/share/ament_cmake/cmake)
[0.271s] -- Found rclcpp: 28.1.21 (/opt/ros/jazzy/share/rclcpp/cmake)
[0.288s] -- Found rosidl_generator_c: 4.6.9 (/opt/ros/jazzy/share/rosidl_generator_c/cmake)
[0.293s] -- Found rosidl_generator_cpp: 4.6.9 (/opt/ros/jazzy/share/rosidl_generator_cpp/cmake)
[0.303s] -- Using all available rosidl_typesupport_c: rosidl_typesupport_fastrtps_c;rosidl_typesupport_introspection_c
[0.311s] -- Using all available rosidl_typesupport_cpp: rosidl_typesupport_fastrtps_cpp;rosidl_typesupport_introspection_cpp
[0.356s] -- Found rmw_implementation_cmake: 7.3.3 (/opt/ros/jazzy/share/rmw_implementation_cmake/cmake)
[0.357s] -- Found rmw_fastrtps_cpp: 8.4.4 (/opt/ros/jazzy/share/rmw_fastrtps_cpp/cmake)
[0.409s] -- Using RMW implementation 'rmw_fastrtps_cpp' as default
[0.463s] -- Found std_msgs: 5.3.8 (/opt/ros/jazzy/share/std_msgs/cmake)
[0.477s] -- Added test 'cppcheck' to perform static code analysis on C / C++ code
[0.477s] -- Configured cppcheck include dirs: 
[0.477s] -- Configured cppcheck exclude dirs and/or files: 
[0.477s] -- Added test 'lint_cmake' to check CMake code style
[0.478s] -- Added test 'uncrustify' to check C / C++ code style
[0.478s] -- Configured uncrustify additional arguments: 
[0.479s] -- Added test 'xmllint' to check XML markup files
[0.480s] -- Configuring done (0.4s)
[0.487s] -- Generating done (0.0s)
[0.490s] -- Build files have been written to: /home/iltebir/frost_princess/fp_tvc_ws/build/cpp_pubsub
[0.527s] [ 25%] [32mBuilding CXX object CMakeFiles/listener.dir/src/subscriber_lambda_function.cpp.o[0m
[0.536s] [ 75%] Built target talker
[5.221s] [100%] [32m[1mLinking CXX executable listener[0m
[5.416s] [100%] Built target listener
[5.426s] Invoked command in '/home/iltebir/frost_princess/fp_tvc_ws/build/cpp_pubsub' returned '0': CMAKE_PREFIX_PATH=${CMAKE_PREFIX_PATH}:/opt/ros/jazzy DEBUGINFOD_URLS=https://debuginfod.ubuntu.com /usr/bin/cmake --build /home/iltebir/frost_princess/fp_tvc_ws/build/cpp_pubsub -- -j12 -l12
[5.437s] Invoking command in '/home/iltebir/frost_princess/fp_tvc_ws/build/cpp_pubsub': CMAKE_PREFIX_PATH=${CMAKE_PREFIX_PATH}:/opt/ros/jazzy DEBUGINFOD_URLS=https://debuginfod.ubuntu.com /usr/bin/cmake --install /home/iltebir/frost_princess/fp_tvc_ws/build/cpp_pubsub
[5.447s] -- Install configuration: ""
[5.447s] -- Up-to-date: /home/iltebir/frost_princess/fp_tvc_ws/install/cpp_pubsub/lib/cpp_pubsub/talker
[5.447s] -- Installing: /home/iltebir/frost_princess/fp_tvc_ws/install/cpp_pubsub/lib/cpp_pubsub/listener
[5.449s] -- Set non-toolchain portion of runtime path of "/home/iltebir/frost_princess/fp_tvc_ws/install/cpp_pubsub/lib/cpp_pubsub/listener" to ""
[5.449s] -- Up-to-date: /home/iltebir/frost_princess/fp_tvc_ws/install/cpp_pubsub/share/ament_index/resource_index/package_run_dependencies/cpp_pubsub
[5.449s] -- Up-to-date: /home/iltebir/frost_princess/fp_tvc_ws/install/cpp_pubsub/share/ament_index/resource_index/parent_prefix_path/cpp_pubsub
[5.449s] -- Up-to-date: /home/iltebir/frost_princess/fp_tvc_ws/install/cpp_pubsub/share/cpp_pubsub/environment/ament_prefix_path.sh
[5.449s] -- Up-to-date: /home/iltebir/frost_princess/fp_tvc_ws/install/cpp_pubsub/share/cpp_pubsub/environment/ament_prefix_path.dsv
[5.449s] -- Up-to-date: /home/iltebir/frost_princess/fp_tvc_ws/install/cpp_pubsub/share/cpp_pubsub/environment/path.sh
[5.449s] -- Up-to-date: /home/iltebir/frost_princess/fp_tvc_ws/install/cpp_pubsub/share/cpp_pubsub/environment/path.dsv
[5.450s] -- Up-to-date: /home/iltebir/frost_princess/fp_tvc_ws/install/cpp_pubsub/share/cpp_pubsub/local_setup.bash
[5.450s] -- Up-to-date: /home/iltebir/frost_princess/fp_tvc_ws/install/cpp_pubsub/share/cpp_pubsub/local_setup.sh
[5.450s] -- Up-to-date: /home/iltebir/frost_princess/fp_tvc_ws/install/cpp_pubsub/share/cpp_pubsub/local_setup.zsh
[5.450s] -- Up-to-date: /home/iltebir/frost_princess/fp_tvc_ws/install/cpp_pubsub/share/cpp_pubsub/local_setup.dsv
[5.450s] -- Installing: /home/iltebir/frost_princess/fp_tvc_ws/install/cpp_pubsub/share/cpp_pubsub/package.dsv
[5.450s] -- Up-to-date: /home/iltebir/frost_princess/fp_tvc_ws/install/cpp_pubsub/share/ament_index/resource_index/packages/cpp_pubsub
[5.450s] -- Up-to-date: /home/iltebir/frost_princess/fp_tvc_ws/install/cpp_pubsub/share/cpp_pubsub/cmake/cpp_pubsubConfig.cmake
[5.450s] -- Up-to-date: /home/iltebir/frost_princess/fp_tvc_ws/install/cpp_pubsub/share/cpp_pubsub/cmake/cpp_pubsubConfig-version.cmake
[5.450s] -- Up-to-date: /home/iltebir/frost_princess/fp_tvc_ws/install/cpp_pubsub/share/cpp_pubsub/package.xml
[5.451s] Invoked command in '/home/iltebir/frost_princess/fp_tvc_ws/build/cpp_pubsub' returned '0': CMAKE_PREFIX_PATH=${CMAKE_PREFIX_PATH}:/opt/ros/jazzy DEBUGINFOD_URLS=https://debuginfod.ubuntu.com /usr/bin/cmake --install /home/iltebir/frost_princess/fp_tvc_ws/build/cpp_pubsub
