[0.018s] Invoking command in '/home/iltebir/frost_princess/fp_tvc_ws/build/cpp_pubsub': CMAKE_PREFIX_PATH=${CMAKE_PREFIX_PATH}:/opt/ros/jazzy DEBUGINFOD_URLS=https://debuginfod.ubuntu.com /usr/bin/cmake --build /home/iltebir/frost_princess/fp_tvc_ws/build/cpp_pubsub -- -j12 -l12
[0.093s] [ 50%] Built target talker
[0.097s] [100%] Built target listener
[0.111s] Invoked command in '/home/iltebir/frost_princess/fp_tvc_ws/build/cpp_pubsub' returned '0': CMAKE_PREFIX_PATH=${CMAKE_PREFIX_PATH}:/opt/ros/jazzy DEBUGINFOD_URLS=https://debuginfod.ubuntu.com /usr/bin/cmake --build /home/iltebir/frost_princess/fp_tvc_ws/build/cpp_pubsub -- -j12 -l12
[0.112s] Invoking command in '/home/iltebir/frost_princess/fp_tvc_ws/build/cpp_pubsub': CMAKE_PREFIX_PATH=${CMAKE_PREFIX_PATH}:/opt/ros/jazzy DEBUGINFOD_URLS=https://debuginfod.ubuntu.com /usr/bin/cmake --install /home/iltebir/frost_princess/fp_tvc_ws/build/cpp_pubsub
[0.121s] -- Install configuration: ""
[0.121s] -- Up-to-date: /home/iltebir/frost_princess/fp_tvc_ws/install/cpp_pubsub/lib/cpp_pubsub/talker
[0.121s] -- Up-to-date: /home/iltebir/frost_princess/fp_tvc_ws/install/cpp_pubsub/lib/cpp_pubsub/listener
[0.121s] -- Up-to-date: /home/iltebir/frost_princess/fp_tvc_ws/install/cpp_pubsub/share/ament_index/resource_index/package_run_dependencies/cpp_pubsub
[0.121s] -- Up-to-date: /home/iltebir/frost_princess/fp_tvc_ws/install/cpp_pubsub/share/ament_index/resource_index/parent_prefix_path/cpp_pubsub
[0.122s] -- Up-to-date: /home/iltebir/frost_princess/fp_tvc_ws/install/cpp_pubsub/share/cpp_pubsub/environment/ament_prefix_path.sh
[0.122s] -- Up-to-date: /home/iltebir/frost_princess/fp_tvc_ws/install/cpp_pubsub/share/cpp_pubsub/environment/ament_prefix_path.dsv
[0.122s] -- Up-to-date: /home/iltebir/frost_princess/fp_tvc_ws/install/cpp_pubsub/share/cpp_pubsub/environment/path.sh
[0.122s] -- Up-to-date: /home/iltebir/frost_princess/fp_tvc_ws/install/cpp_pubsub/share/cpp_pubsub/environment/path.dsv
[0.122s] -- Up-to-date: /home/iltebir/frost_princess/fp_tvc_ws/install/cpp_pubsub/share/cpp_pubsub/local_setup.bash
[0.122s] -- Up-to-date: /home/iltebir/frost_princess/fp_tvc_ws/install/cpp_pubsub/share/cpp_pubsub/local_setup.sh
[0.122s] -- Up-to-date: /home/iltebir/frost_princess/fp_tvc_ws/install/cpp_pubsub/share/cpp_pubsub/local_setup.zsh
[0.122s] -- Up-to-date: /home/iltebir/frost_princess/fp_tvc_ws/install/cpp_pubsub/share/cpp_pubsub/local_setup.dsv
[0.122s] -- Installing: /home/iltebir/frost_princess/fp_tvc_ws/install/cpp_pubsub/share/cpp_pubsub/package.dsv
[0.122s] -- Up-to-date: /home/iltebir/frost_princess/fp_tvc_ws/install/cpp_pubsub/share/ament_index/resource_index/packages/cpp_pubsub
[0.122s] -- Up-to-date: /home/iltebir/frost_princess/fp_tvc_ws/install/cpp_pubsub/share/cpp_pubsub/cmake/cpp_pubsubConfig.cmake
[0.122s] -- Up-to-date: /home/iltebir/frost_princess/fp_tvc_ws/install/cpp_pubsub/share/cpp_pubsub/cmake/cpp_pubsubConfig-version.cmake
[0.122s] -- Up-to-date: /home/iltebir/frost_princess/fp_tvc_ws/install/cpp_pubsub/share/cpp_pubsub/package.xml
[0.139s] Invoked command in '/home/iltebir/frost_princess/fp_tvc_ws/build/cpp_pubsub' returned '0': CMAKE_PREFIX_PATH=${CMAKE_PREFIX_PATH}:/opt/ros/jazzy DEBUGINFOD_URLS=https://debuginfod.ubuntu.com /usr/bin/cmake --install /home/iltebir/frost_princess/fp_tvc_ws/build/cpp_pubsub
