[0.009s] Invoking command in '/home/iltebir/frost_princess/fp_tvc_ws/build/cpp_pubsub': CMAKE_PREFIX_PATH=${CMAKE_PREFIX_PATH}:/opt/ros/jazzy DEBUGINFOD_URLS=https://debuginfod.ubuntu.com /usr/bin/cmake /home/iltebir/frost_princess/fp_tvc_ws/src/cpp_pubsub -DCMAKE_INSTALL_PREFIX=/home/iltebir/frost_princess/fp_tvc_ws/install/cpp_pubsub
[0.066s] -- The C compiler identification is GNU 13.3.0
[0.118s] -- The CXX compiler identification is GNU 13.3.0
[0.135s] -- Detecting C compiler ABI info
[0.219s] -- Detecting C compiler ABI info - done
[0.231s] -- Check for working C compiler: /usr/bin/cc - skipped
[0.231s] -- Detecting C compile features
[0.231s] -- Detecting C compile features - done
[0.240s] -- Detecting CXX compiler ABI info
[0.331s] -- Detecting CXX compiler ABI info - done
[0.342s] -- Check for working CXX compiler: /usr/bin/c++ - skipped
[0.342s] -- Detecting CXX compile features
[0.343s] -- Detecting CXX compile features - done
[0.347s] -- Found ament_cmake: 2.5.6 (/opt/ros/jazzy/share/ament_cmake/cmake)
[0.465s] -- Found Python3: /usr/bin/python3 (found version "3.12.3") found components: Interpreter 
[0.555s] -- Found rclcpp: 28.1.21 (/opt/ros/jazzy/share/rclcpp/cmake)
[0.592s] -- Found rosidl_generator_c: 4.6.9 (/opt/ros/jazzy/share/rosidl_generator_c/cmake)
[0.604s] -- Found rosidl_generator_cpp: 4.6.9 (/opt/ros/jazzy/share/rosidl_generator_cpp/cmake)
[0.619s] -- Using all available rosidl_typesupport_c: rosidl_typesupport_fastrtps_c;rosidl_typesupport_introspection_c
[0.635s] -- Using all available rosidl_typesupport_cpp: rosidl_typesupport_fastrtps_cpp;rosidl_typesupport_introspection_cpp
[0.700s] -- Found rmw_implementation_cmake: 7.3.3 (/opt/ros/jazzy/share/rmw_implementation_cmake/cmake)
[0.704s] -- Found rmw_fastrtps_cpp: 8.4.4 (/opt/ros/jazzy/share/rmw_fastrtps_cpp/cmake)
[0.808s] -- Found OpenSSL: /usr/lib/x86_64-linux-gnu/libcrypto.so (found version "3.0.13")  
[0.827s] -- Found FastRTPS: /opt/ros/jazzy/include (Required is at least version "2.13") 
[0.847s] -- Using RMW implementation 'rmw_fastrtps_cpp' as default
[0.915s] -- Found std_msgs: 5.3.8 (/opt/ros/jazzy/share/std_msgs/cmake)
[0.993s] -- Configuring done (1.0s)
[0.999s] -- Generating done (0.0s)
[1.001s] -- Build files have been written to: /home/iltebir/frost_princess/fp_tvc_ws/build/cpp_pubsub
[1.008s] Invoked command in '/home/iltebir/frost_princess/fp_tvc_ws/build/cpp_pubsub' returned '0': CMAKE_PREFIX_PATH=${CMAKE_PREFIX_PATH}:/opt/ros/jazzy DEBUGINFOD_URLS=https://debuginfod.ubuntu.com /usr/bin/cmake /home/iltebir/frost_princess/fp_tvc_ws/src/cpp_pubsub -DCMAKE_INSTALL_PREFIX=/home/iltebir/frost_princess/fp_tvc_ws/install/cpp_pubsub
[1.009s] Invoking command in '/home/iltebir/frost_princess/fp_tvc_ws/build/cpp_pubsub': CMAKE_PREFIX_PATH=${CMAKE_PREFIX_PATH}:/opt/ros/jazzy DEBUGINFOD_URLS=https://debuginfod.ubuntu.com /usr/bin/cmake --build /home/iltebir/frost_princess/fp_tvc_ws/build/cpp_pubsub -- -j12 -l12
[1.055s] [ 50%] [32mBuilding CXX object CMakeFiles/talker.dir/src/publisher_lambda_function.cpp.o[0m
[3.839s] [100%] [32m[1mLinking CXX executable talker[0m
[3.969s] [100%] Built target talker
[3.980s] Invoked command in '/home/iltebir/frost_princess/fp_tvc_ws/build/cpp_pubsub' returned '0': CMAKE_PREFIX_PATH=${CMAKE_PREFIX_PATH}:/opt/ros/jazzy DEBUGINFOD_URLS=https://debuginfod.ubuntu.com /usr/bin/cmake --build /home/iltebir/frost_princess/fp_tvc_ws/build/cpp_pubsub -- -j12 -l12
[3.989s] Invoking command in '/home/iltebir/frost_princess/fp_tvc_ws/build/cpp_pubsub': CMAKE_PREFIX_PATH=${CMAKE_PREFIX_PATH}:/opt/ros/jazzy DEBUGINFOD_URLS=https://debuginfod.ubuntu.com /usr/bin/cmake --install /home/iltebir/frost_princess/fp_tvc_ws/build/cpp_pubsub
[3.996s] -- Install configuration: ""
[3.996s] -- Installing: /home/iltebir/frost_princess/fp_tvc_ws/install/cpp_pubsub/lib/cpp_pubsub/talker
[3.997s] -- Set non-toolchain portion of runtime path of "/home/iltebir/frost_princess/fp_tvc_ws/install/cpp_pubsub/lib/cpp_pubsub/talker" to ""
[3.997s] -- Installing: /home/iltebir/frost_princess/fp_tvc_ws/install/cpp_pubsub/share/ament_index/resource_index/package_run_dependencies/cpp_pubsub
[3.997s] -- Installing: /home/iltebir/frost_princess/fp_tvc_ws/install/cpp_pubsub/share/ament_index/resource_index/parent_prefix_path/cpp_pubsub
[3.997s] -- Installing: /home/iltebir/frost_princess/fp_tvc_ws/install/cpp_pubsub/share/cpp_pubsub/environment/ament_prefix_path.sh
[3.997s] -- Installing: /home/iltebir/frost_princess/fp_tvc_ws/install/cpp_pubsub/share/cpp_pubsub/environment/ament_prefix_path.dsv
[3.998s] -- Installing: /home/iltebir/frost_princess/fp_tvc_ws/install/cpp_pubsub/share/cpp_pubsub/environment/path.sh
[3.998s] -- Installing: /home/iltebir/frost_princess/fp_tvc_ws/install/cpp_pubsub/share/cpp_pubsub/environment/path.dsv
[3.998s] -- Installing: /home/iltebir/frost_princess/fp_tvc_ws/install/cpp_pubsub/share/cpp_pubsub/local_setup.bash
[3.998s] -- Installing: /home/iltebir/frost_princess/fp_tvc_ws/install/cpp_pubsub/share/cpp_pubsub/local_setup.sh
[3.998s] -- Installing: /home/iltebir/frost_princess/fp_tvc_ws/install/cpp_pubsub/share/cpp_pubsub/local_setup.zsh
[3.998s] -- Installing: /home/iltebir/frost_princess/fp_tvc_ws/install/cpp_pubsub/share/cpp_pubsub/local_setup.dsv
[3.998s] -- Installing: /home/iltebir/frost_princess/fp_tvc_ws/install/cpp_pubsub/share/cpp_pubsub/package.dsv
[3.998s] -- Installing: /home/iltebir/frost_princess/fp_tvc_ws/install/cpp_pubsub/share/ament_index/resource_index/packages/cpp_pubsub
[3.998s] -- Installing: /home/iltebir/frost_princess/fp_tvc_ws/install/cpp_pubsub/share/cpp_pubsub/cmake/cpp_pubsubConfig.cmake
[3.998s] -- Installing: /home/iltebir/frost_princess/fp_tvc_ws/install/cpp_pubsub/share/cpp_pubsub/cmake/cpp_pubsubConfig-version.cmake
[3.999s] -- Installing: /home/iltebir/frost_princess/fp_tvc_ws/install/cpp_pubsub/share/cpp_pubsub/package.xml
[3.999s] Invoked command in '/home/iltebir/frost_princess/fp_tvc_ws/build/cpp_pubsub' returned '0': CMAKE_PREFIX_PATH=${CMAKE_PREFIX_PATH}:/opt/ros/jazzy DEBUGINFOD_URLS=https://debuginfod.ubuntu.com /usr/bin/cmake --install /home/iltebir/frost_princess/fp_tvc_ws/build/cpp_pubsub
