[0.083s] DEBUG:colcon:Command line arguments: ['/usr/bin/colcon', 'build']
[0.083s] DEBUG:colcon:Parsed command line arguments: Namespace(log_base=None, log_level=None, verb_name='build', build_base='build', install_base='install', merge_install=False, symlink_install=False, test_result_base=None, continue_on_error=False, executor='parallel', parallel_workers=12, event_handlers=None, ignore_user_meta=False, metas=['./colcon.meta'], base_paths=['.'], packages_ignore=None, packages_ignore_regex=None, paths=None, packages_up_to=None, packages_up_to_regex=None, packages_above=None, packages_above_and_dependencies=None, packages_above_depth=None, packages_select_by_dep=None, packages_skip_by_dep=None, packages_skip_up_to=None, packages_select_build_failed=False, packages_skip_build_finished=False, packages_select_test_failures=False, packages_skip_test_passed=False, packages_select=None, packages_skip=None, packages_select_regex=None, packages_skip_regex=None, packages_start=None, packages_end=None, allow_overriding=[], cmake_args=None, cmake_target=None, cmake_target_skip_unavailable=False, cmake_clean_cache=False, cmake_clean_first=False, cmake_force_configure=False, ament_cmake_args=None, catkin_cmake_args=None, catkin_skip_building_tests=False, mixin_files=None, mixin=None, verb_parser=<colcon_mixin.mixin.mixin_argument.MixinArgumentDecorator object at 0x7c87967cb2f0>, verb_extension=<colcon_core.verb.build.BuildVerb object at 0x7c8796717500>, main=<bound method BuildVerb.main of <colcon_core.verb.build.BuildVerb object at 0x7c8796717500>>, mixin_verb=('build',))
[0.114s] Level 1:colcon.colcon_core.package_discovery:discover_packages(colcon_meta) check parameters
[0.114s] Level 1:colcon.colcon_core.package_discovery:discover_packages(recursive) check parameters
[0.114s] Level 1:colcon.colcon_core.package_discovery:discover_packages(ignore) check parameters
[0.114s] Level 1:colcon.colcon_core.package_discovery:discover_packages(path) check parameters
[0.114s] Level 1:colcon.colcon_core.package_discovery:discover_packages(colcon_meta) discover
[0.114s] Level 1:colcon.colcon_core.package_discovery:discover_packages(recursive) discover
[0.114s] INFO:colcon.colcon_core.package_discovery:Crawling recursively for packages in '/home/iltebir/frost_princess/fp_tvc_ws'
[0.114s] Level 1:colcon.colcon_core.package_identification:_identify(.) by extensions ['ignore', 'ignore_ament_install']
[0.114s] Level 1:colcon.colcon_core.package_identification:_identify(.) by extension 'ignore'
[0.114s] Level 1:colcon.colcon_core.package_identification:_identify(.) by extension 'ignore_ament_install'
[0.114s] Level 1:colcon.colcon_core.package_identification:_identify(.) by extensions ['colcon_pkg']
[0.114s] Level 1:colcon.colcon_core.package_identification:_identify(.) by extension 'colcon_pkg'
[0.114s] Level 1:colcon.colcon_core.package_identification:_identify(.) by extensions ['colcon_meta']
[0.114s] Level 1:colcon.colcon_core.package_identification:_identify(.) by extension 'colcon_meta'
[0.114s] Level 1:colcon.colcon_core.package_identification:_identify(.) by extensions ['ros']
[0.114s] Level 1:colcon.colcon_core.package_identification:_identify(.) by extension 'ros'
[0.129s] Level 1:colcon.colcon_core.package_identification:_identify(.) by extensions ['cmake', 'python']
[0.129s] Level 1:colcon.colcon_core.package_identification:_identify(.) by extension 'cmake'
[0.129s] Level 1:colcon.colcon_core.package_identification:_identify(.) by extension 'python'
[0.129s] Level 1:colcon.colcon_core.package_identification:_identify(.) by extensions ['python_setup_py']
[0.129s] Level 1:colcon.colcon_core.package_identification:_identify(.) by extension 'python_setup_py'
[0.129s] Level 1:colcon.colcon_core.package_identification:_identify(build) by extensions ['ignore', 'ignore_ament_install']
[0.129s] Level 1:colcon.colcon_core.package_identification:_identify(build) by extension 'ignore'
[0.129s] Level 1:colcon.colcon_core.package_identification:_identify(build) ignored
[0.129s] Level 1:colcon.colcon_core.package_identification:_identify(install) by extensions ['ignore', 'ignore_ament_install']
[0.129s] Level 1:colcon.colcon_core.package_identification:_identify(install) by extension 'ignore'
[0.130s] Level 1:colcon.colcon_core.package_identification:_identify(install) ignored
[0.130s] Level 1:colcon.colcon_core.package_identification:_identify(log) by extensions ['ignore', 'ignore_ament_install']
[0.130s] Level 1:colcon.colcon_core.package_identification:_identify(log) by extension 'ignore'
[0.130s] Level 1:colcon.colcon_core.package_identification:_identify(log) ignored
[0.130s] Level 1:colcon.colcon_core.package_identification:_identify(src) by extensions ['ignore', 'ignore_ament_install']
[0.130s] Level 1:colcon.colcon_core.package_identification:_identify(src) by extension 'ignore'
[0.130s] Level 1:colcon.colcon_core.package_identification:_identify(src) by extension 'ignore_ament_install'
[0.130s] Level 1:colcon.colcon_core.package_identification:_identify(src) by extensions ['colcon_pkg']
[0.130s] Level 1:colcon.colcon_core.package_identification:_identify(src) by extension 'colcon_pkg'
[0.130s] Level 1:colcon.colcon_core.package_identification:_identify(src) by extensions ['colcon_meta']
[0.130s] Level 1:colcon.colcon_core.package_identification:_identify(src) by extension 'colcon_meta'
[0.130s] Level 1:colcon.colcon_core.package_identification:_identify(src) by extensions ['ros']
[0.130s] Level 1:colcon.colcon_core.package_identification:_identify(src) by extension 'ros'
[0.130s] Level 1:colcon.colcon_core.package_identification:_identify(src) by extensions ['cmake', 'python']
[0.130s] Level 1:colcon.colcon_core.package_identification:_identify(src) by extension 'cmake'
[0.130s] Level 1:colcon.colcon_core.package_identification:_identify(src) by extension 'python'
[0.130s] Level 1:colcon.colcon_core.package_identification:_identify(src) by extensions ['python_setup_py']
[0.130s] Level 1:colcon.colcon_core.package_identification:_identify(src) by extension 'python_setup_py'
[0.130s] Level 1:colcon.colcon_core.package_identification:_identify(src/cpp_pubsub) by extensions ['ignore', 'ignore_ament_install']
[0.130s] Level 1:colcon.colcon_core.package_identification:_identify(src/cpp_pubsub) by extension 'ignore'
[0.130s] Level 1:colcon.colcon_core.package_identification:_identify(src/cpp_pubsub) by extension 'ignore_ament_install'
[0.130s] Level 1:colcon.colcon_core.package_identification:_identify(src/cpp_pubsub) by extensions ['colcon_pkg']
[0.130s] Level 1:colcon.colcon_core.package_identification:_identify(src/cpp_pubsub) by extension 'colcon_pkg'
[0.130s] Level 1:colcon.colcon_core.package_identification:_identify(src/cpp_pubsub) by extensions ['colcon_meta']
[0.130s] Level 1:colcon.colcon_core.package_identification:_identify(src/cpp_pubsub) by extension 'colcon_meta'
[0.130s] Level 1:colcon.colcon_core.package_identification:_identify(src/cpp_pubsub) by extensions ['ros']
[0.130s] Level 1:colcon.colcon_core.package_identification:_identify(src/cpp_pubsub) by extension 'ros'
[0.132s] DEBUG:colcon.colcon_core.package_identification:Package 'src/cpp_pubsub' with type 'ros.ament_cmake' and name 'cpp_pubsub'
[0.132s] Level 1:colcon.colcon_core.package_identification:_identify(src/my_package) by extensions ['ignore', 'ignore_ament_install']
[0.132s] Level 1:colcon.colcon_core.package_identification:_identify(src/my_package) by extension 'ignore'
[0.132s] Level 1:colcon.colcon_core.package_identification:_identify(src/my_package) by extension 'ignore_ament_install'
[0.132s] Level 1:colcon.colcon_core.package_identification:_identify(src/my_package) by extensions ['colcon_pkg']
[0.132s] Level 1:colcon.colcon_core.package_identification:_identify(src/my_package) by extension 'colcon_pkg'
[0.132s] Level 1:colcon.colcon_core.package_identification:_identify(src/my_package) by extensions ['colcon_meta']
[0.132s] Level 1:colcon.colcon_core.package_identification:_identify(src/my_package) by extension 'colcon_meta'
[0.132s] Level 1:colcon.colcon_core.package_identification:_identify(src/my_package) by extensions ['ros']
[0.132s] Level 1:colcon.colcon_core.package_identification:_identify(src/my_package) by extension 'ros'
[0.133s] DEBUG:colcon.colcon_core.package_identification:Package 'src/my_package' with type 'ros.ament_cmake' and name 'my_package'
[0.133s] Level 1:colcon.colcon_core.package_identification:_identify(src/rocket_description) by extensions ['ignore', 'ignore_ament_install']
[0.133s] Level 1:colcon.colcon_core.package_identification:_identify(src/rocket_description) by extension 'ignore'
[0.133s] Level 1:colcon.colcon_core.package_identification:_identify(src/rocket_description) by extension 'ignore_ament_install'
[0.133s] Level 1:colcon.colcon_core.package_identification:_identify(src/rocket_description) by extensions ['colcon_pkg']
[0.133s] Level 1:colcon.colcon_core.package_identification:_identify(src/rocket_description) by extension 'colcon_pkg'
[0.133s] Level 1:colcon.colcon_core.package_identification:_identify(src/rocket_description) by extensions ['colcon_meta']
[0.133s] Level 1:colcon.colcon_core.package_identification:_identify(src/rocket_description) by extension 'colcon_meta'
[0.133s] Level 1:colcon.colcon_core.package_identification:_identify(src/rocket_description) by extensions ['ros']
[0.133s] Level 1:colcon.colcon_core.package_identification:_identify(src/rocket_description) by extension 'ros'
[0.133s] DEBUG:colcon.colcon_core.package_identification:Package 'src/rocket_description' with type 'ros.ament_cmake' and name 'rocket_description'
[0.133s] Level 1:colcon.colcon_core.package_identification:_identify(src/rocket_gazebo) by extensions ['ignore', 'ignore_ament_install']
[0.133s] Level 1:colcon.colcon_core.package_identification:_identify(src/rocket_gazebo) by extension 'ignore'
[0.133s] Level 1:colcon.colcon_core.package_identification:_identify(src/rocket_gazebo) by extension 'ignore_ament_install'
[0.133s] Level 1:colcon.colcon_core.package_identification:_identify(src/rocket_gazebo) by extensions ['colcon_pkg']
[0.133s] Level 1:colcon.colcon_core.package_identification:_identify(src/rocket_gazebo) by extension 'colcon_pkg'
[0.133s] Level 1:colcon.colcon_core.package_identification:_identify(src/rocket_gazebo) by extensions ['colcon_meta']
[0.133s] Level 1:colcon.colcon_core.package_identification:_identify(src/rocket_gazebo) by extension 'colcon_meta'
[0.133s] Level 1:colcon.colcon_core.package_identification:_identify(src/rocket_gazebo) by extensions ['ros']
[0.133s] Level 1:colcon.colcon_core.package_identification:_identify(src/rocket_gazebo) by extension 'ros'
[0.134s] DEBUG:colcon.colcon_core.package_identification:Package 'src/rocket_gazebo' with type 'ros.ament_cmake' and name 'rocket_gazebo'
[0.134s] Level 1:colcon.colcon_core.package_discovery:discover_packages(recursive) using defaults
[0.134s] Level 1:colcon.colcon_core.package_discovery:discover_packages(ignore) discover
[0.134s] Level 1:colcon.colcon_core.package_discovery:discover_packages(ignore) using defaults
[0.134s] Level 1:colcon.colcon_core.package_discovery:discover_packages(path) discover
[0.134s] Level 1:colcon.colcon_core.package_discovery:discover_packages(path) using defaults
[0.146s] Level 1:colcon.colcon_core.package_discovery:discover_packages(prefix_path) check parameters
[0.146s] Level 1:colcon.colcon_core.package_discovery:discover_packages(prefix_path) discover
[0.148s] DEBUG:colcon.colcon_installed_package_information.package_discovery:Found 428 installed packages in /opt/ros/jazzy
[0.150s] Level 1:colcon.colcon_core.package_discovery:discover_packages(prefix_path) using defaults
[0.178s] Level 5:colcon.colcon_core.verb:set package 'cpp_pubsub' build argument 'cmake_args' from command line to 'None'
[0.178s] Level 5:colcon.colcon_core.verb:set package 'cpp_pubsub' build argument 'cmake_target' from command line to 'None'
[0.178s] Level 5:colcon.colcon_core.verb:set package 'cpp_pubsub' build argument 'cmake_target_skip_unavailable' from command line to 'False'
[0.178s] Level 5:colcon.colcon_core.verb:set package 'cpp_pubsub' build argument 'cmake_clean_cache' from command line to 'False'
[0.178s] Level 5:colcon.colcon_core.verb:set package 'cpp_pubsub' build argument 'cmake_clean_first' from command line to 'False'
[0.178s] Level 5:colcon.colcon_core.verb:set package 'cpp_pubsub' build argument 'cmake_force_configure' from command line to 'False'
[0.178s] Level 5:colcon.colcon_core.verb:set package 'cpp_pubsub' build argument 'ament_cmake_args' from command line to 'None'
[0.178s] Level 5:colcon.colcon_core.verb:set package 'cpp_pubsub' build argument 'catkin_cmake_args' from command line to 'None'
[0.178s] Level 5:colcon.colcon_core.verb:set package 'cpp_pubsub' build argument 'catkin_skip_building_tests' from command line to 'False'
[0.178s] DEBUG:colcon.colcon_core.verb:Building package 'cpp_pubsub' with the following arguments: {'ament_cmake_args': None, 'build_base': '/home/iltebir/frost_princess/fp_tvc_ws/build/cpp_pubsub', 'catkin_cmake_args': None, 'catkin_skip_building_tests': False, 'cmake_args': None, 'cmake_clean_cache': False, 'cmake_clean_first': False, 'cmake_force_configure': False, 'cmake_target': None, 'cmake_target_skip_unavailable': False, 'install_base': '/home/iltebir/frost_princess/fp_tvc_ws/install/cpp_pubsub', 'merge_install': False, 'path': '/home/iltebir/frost_princess/fp_tvc_ws/src/cpp_pubsub', 'symlink_install': False, 'test_result_base': None}
[0.178s] Level 5:colcon.colcon_core.verb:set package 'my_package' build argument 'cmake_args' from command line to 'None'
[0.178s] Level 5:colcon.colcon_core.verb:set package 'my_package' build argument 'cmake_target' from command line to 'None'
[0.178s] Level 5:colcon.colcon_core.verb:set package 'my_package' build argument 'cmake_target_skip_unavailable' from command line to 'False'
[0.178s] Level 5:colcon.colcon_core.verb:set package 'my_package' build argument 'cmake_clean_cache' from command line to 'False'
[0.178s] Level 5:colcon.colcon_core.verb:set package 'my_package' build argument 'cmake_clean_first' from command line to 'False'
[0.178s] Level 5:colcon.colcon_core.verb:set package 'my_package' build argument 'cmake_force_configure' from command line to 'False'
[0.178s] Level 5:colcon.colcon_core.verb:set package 'my_package' build argument 'ament_cmake_args' from command line to 'None'
[0.178s] Level 5:colcon.colcon_core.verb:set package 'my_package' build argument 'catkin_cmake_args' from command line to 'None'
[0.178s] Level 5:colcon.colcon_core.verb:set package 'my_package' build argument 'catkin_skip_building_tests' from command line to 'False'
[0.178s] DEBUG:colcon.colcon_core.verb:Building package 'my_package' with the following arguments: {'ament_cmake_args': None, 'build_base': '/home/iltebir/frost_princess/fp_tvc_ws/build/my_package', 'catkin_cmake_args': None, 'catkin_skip_building_tests': False, 'cmake_args': None, 'cmake_clean_cache': False, 'cmake_clean_first': False, 'cmake_force_configure': False, 'cmake_target': None, 'cmake_target_skip_unavailable': False, 'install_base': '/home/iltebir/frost_princess/fp_tvc_ws/install/my_package', 'merge_install': False, 'path': '/home/iltebir/frost_princess/fp_tvc_ws/src/my_package', 'symlink_install': False, 'test_result_base': None}
[0.179s] Level 5:colcon.colcon_core.verb:set package 'rocket_description' build argument 'cmake_args' from command line to 'None'
[0.179s] Level 5:colcon.colcon_core.verb:set package 'rocket_description' build argument 'cmake_target' from command line to 'None'
[0.179s] Level 5:colcon.colcon_core.verb:set package 'rocket_description' build argument 'cmake_target_skip_unavailable' from command line to 'False'
[0.179s] Level 5:colcon.colcon_core.verb:set package 'rocket_description' build argument 'cmake_clean_cache' from command line to 'False'
[0.179s] Level 5:colcon.colcon_core.verb:set package 'rocket_description' build argument 'cmake_clean_first' from command line to 'False'
[0.179s] Level 5:colcon.colcon_core.verb:set package 'rocket_description' build argument 'cmake_force_configure' from command line to 'False'
[0.179s] Level 5:colcon.colcon_core.verb:set package 'rocket_description' build argument 'ament_cmake_args' from command line to 'None'
[0.179s] Level 5:colcon.colcon_core.verb:set package 'rocket_description' build argument 'catkin_cmake_args' from command line to 'None'
[0.179s] Level 5:colcon.colcon_core.verb:set package 'rocket_description' build argument 'catkin_skip_building_tests' from command line to 'False'
[0.179s] DEBUG:colcon.colcon_core.verb:Building package 'rocket_description' with the following arguments: {'ament_cmake_args': None, 'build_base': '/home/iltebir/frost_princess/fp_tvc_ws/build/rocket_description', 'catkin_cmake_args': None, 'catkin_skip_building_tests': False, 'cmake_args': None, 'cmake_clean_cache': False, 'cmake_clean_first': False, 'cmake_force_configure': False, 'cmake_target': None, 'cmake_target_skip_unavailable': False, 'install_base': '/home/iltebir/frost_princess/fp_tvc_ws/install/rocket_description', 'merge_install': False, 'path': '/home/iltebir/frost_princess/fp_tvc_ws/src/rocket_description', 'symlink_install': False, 'test_result_base': None}
[0.179s] Level 5:colcon.colcon_core.verb:set package 'rocket_gazebo' build argument 'cmake_args' from command line to 'None'
[0.179s] Level 5:colcon.colcon_core.verb:set package 'rocket_gazebo' build argument 'cmake_target' from command line to 'None'
[0.179s] Level 5:colcon.colcon_core.verb:set package 'rocket_gazebo' build argument 'cmake_target_skip_unavailable' from command line to 'False'
[0.179s] Level 5:colcon.colcon_core.verb:set package 'rocket_gazebo' build argument 'cmake_clean_cache' from command line to 'False'
[0.179s] Level 5:colcon.colcon_core.verb:set package 'rocket_gazebo' build argument 'cmake_clean_first' from command line to 'False'
[0.179s] Level 5:colcon.colcon_core.verb:set package 'rocket_gazebo' build argument 'cmake_force_configure' from command line to 'False'
[0.179s] Level 5:colcon.colcon_core.verb:set package 'rocket_gazebo' build argument 'ament_cmake_args' from command line to 'None'
[0.179s] Level 5:colcon.colcon_core.verb:set package 'rocket_gazebo' build argument 'catkin_cmake_args' from command line to 'None'
[0.179s] Level 5:colcon.colcon_core.verb:set package 'rocket_gazebo' build argument 'catkin_skip_building_tests' from command line to 'False'
[0.179s] DEBUG:colcon.colcon_core.verb:Building package 'rocket_gazebo' with the following arguments: {'ament_cmake_args': None, 'build_base': '/home/iltebir/frost_princess/fp_tvc_ws/build/rocket_gazebo', 'catkin_cmake_args': None, 'catkin_skip_building_tests': False, 'cmake_args': None, 'cmake_clean_cache': False, 'cmake_clean_first': False, 'cmake_force_configure': False, 'cmake_target': None, 'cmake_target_skip_unavailable': False, 'install_base': '/home/iltebir/frost_princess/fp_tvc_ws/install/rocket_gazebo', 'merge_install': False, 'path': '/home/iltebir/frost_princess/fp_tvc_ws/src/rocket_gazebo', 'symlink_install': False, 'test_result_base': None}
[0.179s] INFO:colcon.colcon_core.executor:Executing jobs using 'parallel' executor
[0.180s] DEBUG:colcon.colcon_parallel_executor.executor.parallel:run_until_complete
[0.180s] INFO:colcon.colcon_ros.task.ament_cmake.build:Building ROS package in '/home/iltebir/frost_princess/fp_tvc_ws/src/cpp_pubsub' with build type 'ament_cmake'
[0.180s] INFO:colcon.colcon_cmake.task.cmake.build:Building CMake package in '/home/iltebir/frost_princess/fp_tvc_ws/src/cpp_pubsub'
[0.182s] INFO:colcon.colcon_core.plugin_system:Skipping extension 'colcon_core.shell.bat': Not used on non-Windows systems
[0.182s] INFO:colcon.colcon_core.shell:Skip shell extension 'powershell' for command environment: Not usable outside of PowerShell
[0.182s] DEBUG:colcon.colcon_core.shell:Skip shell extension 'dsv' for command environment
[0.187s] INFO:colcon.colcon_ros.task.ament_cmake.build:Building ROS package in '/home/iltebir/frost_princess/fp_tvc_ws/src/my_package' with build type 'ament_cmake'
[0.187s] INFO:colcon.colcon_cmake.task.cmake.build:Building CMake package in '/home/iltebir/frost_princess/fp_tvc_ws/src/my_package'
[0.187s] INFO:colcon.colcon_core.shell:Skip shell extension 'powershell' for command environment: Not usable outside of PowerShell
[0.187s] DEBUG:colcon.colcon_core.shell:Skip shell extension 'dsv' for command environment
[0.191s] INFO:colcon.colcon_ros.task.ament_cmake.build:Building ROS package in '/home/iltebir/frost_princess/fp_tvc_ws/src/rocket_description' with build type 'ament_cmake'
[0.191s] INFO:colcon.colcon_cmake.task.cmake.build:Building CMake package in '/home/iltebir/frost_princess/fp_tvc_ws/src/rocket_description'
[0.191s] INFO:colcon.colcon_core.shell:Skip shell extension 'powershell' for command environment: Not usable outside of PowerShell
[0.191s] DEBUG:colcon.colcon_core.shell:Skip shell extension 'dsv' for command environment
[0.193s] INFO:colcon.colcon_ros.task.ament_cmake.build:Building ROS package in '/home/iltebir/frost_princess/fp_tvc_ws/src/rocket_gazebo' with build type 'ament_cmake'
[0.193s] INFO:colcon.colcon_cmake.task.cmake.build:Building CMake package in '/home/iltebir/frost_princess/fp_tvc_ws/src/rocket_gazebo'
[0.193s] INFO:colcon.colcon_core.shell:Skip shell extension 'powershell' for command environment: Not usable outside of PowerShell
[0.194s] DEBUG:colcon.colcon_core.shell:Skip shell extension 'dsv' for command environment
[0.198s] DEBUG:colcon.colcon_core.event_handler.log_command:Invoking command in '/home/iltebir/frost_princess/fp_tvc_ws/build/cpp_pubsub': CMAKE_PREFIX_PATH=${CMAKE_PREFIX_PATH}:/opt/ros/jazzy DEBUGINFOD_URLS=https://debuginfod.ubuntu.com /usr/bin/cmake --build /home/iltebir/frost_princess/fp_tvc_ws/build/cpp_pubsub -- -j12 -l12
[0.200s] DEBUG:colcon.colcon_core.event_handler.log_command:Invoking command in '/home/iltebir/frost_princess/fp_tvc_ws/build/my_package': CMAKE_PREFIX_PATH=${CMAKE_PREFIX_PATH}:/opt/ros/jazzy DEBUGINFOD_URLS=https://debuginfod.ubuntu.com /usr/bin/cmake --build /home/iltebir/frost_princess/fp_tvc_ws/build/my_package -- -j12 -l12
[0.203s] DEBUG:colcon.colcon_core.event_handler.log_command:Invoking command in '/home/iltebir/frost_princess/fp_tvc_ws/build/rocket_description': CMAKE_PREFIX_PATH=${CMAKE_PREFIX_PATH}:/opt/ros/jazzy DEBUGINFOD_URLS=https://debuginfod.ubuntu.com /usr/bin/cmake /home/iltebir/frost_princess/fp_tvc_ws/src/rocket_description -DCMAKE_INSTALL_PREFIX=/home/iltebir/frost_princess/fp_tvc_ws/install/rocket_description
[0.205s] DEBUG:colcon.colcon_core.event_handler.log_command:Invoking command in '/home/iltebir/frost_princess/fp_tvc_ws/build/rocket_gazebo': CMAKE_PREFIX_PATH=${CMAKE_PREFIX_PATH}:/opt/ros/jazzy DEBUGINFOD_URLS=https://debuginfod.ubuntu.com /usr/bin/cmake /home/iltebir/frost_princess/fp_tvc_ws/src/rocket_gazebo -DCMAKE_INSTALL_PREFIX=/home/iltebir/frost_princess/fp_tvc_ws/install/rocket_gazebo
[0.279s] DEBUG:colcon.colcon_core.event_handler.log_command:Invoked command in '/home/iltebir/frost_princess/fp_tvc_ws/build/my_package' returned '0': CMAKE_PREFIX_PATH=${CMAKE_PREFIX_PATH}:/opt/ros/jazzy DEBUGINFOD_URLS=https://debuginfod.ubuntu.com /usr/bin/cmake --build /home/iltebir/frost_princess/fp_tvc_ws/build/my_package -- -j12 -l12
[0.291s] DEBUG:colcon.colcon_core.event_handler.log_command:Invoking command in '/home/iltebir/frost_princess/fp_tvc_ws/build/my_package': CMAKE_PREFIX_PATH=${CMAKE_PREFIX_PATH}:/opt/ros/jazzy DEBUGINFOD_URLS=https://debuginfod.ubuntu.com /usr/bin/cmake --install /home/iltebir/frost_princess/fp_tvc_ws/build/my_package
[0.292s] DEBUG:colcon.colcon_core.event_handler.log_command:Invoked command in '/home/iltebir/frost_princess/fp_tvc_ws/build/cpp_pubsub' returned '0': CMAKE_PREFIX_PATH=${CMAKE_PREFIX_PATH}:/opt/ros/jazzy DEBUGINFOD_URLS=https://debuginfod.ubuntu.com /usr/bin/cmake --build /home/iltebir/frost_princess/fp_tvc_ws/build/cpp_pubsub -- -j12 -l12
[0.293s] DEBUG:colcon.colcon_core.event_handler.log_command:Invoking command in '/home/iltebir/frost_princess/fp_tvc_ws/build/cpp_pubsub': CMAKE_PREFIX_PATH=${CMAKE_PREFIX_PATH}:/opt/ros/jazzy DEBUGINFOD_URLS=https://debuginfod.ubuntu.com /usr/bin/cmake --install /home/iltebir/frost_princess/fp_tvc_ws/build/cpp_pubsub
[0.298s] Level 1:colcon.colcon_core.environment:create_environment_scripts_only(my_package)
[0.298s] DEBUG:colcon.colcon_core.event_handler.log_command:Invoked command in '/home/iltebir/frost_princess/fp_tvc_ws/build/my_package' returned '0': CMAKE_PREFIX_PATH=${CMAKE_PREFIX_PATH}:/opt/ros/jazzy DEBUGINFOD_URLS=https://debuginfod.ubuntu.com /usr/bin/cmake --install /home/iltebir/frost_princess/fp_tvc_ws/build/my_package
[0.303s] Level 1:colcon.colcon_core.environment:checking '/home/iltebir/frost_princess/fp_tvc_ws/install/my_package' for CMake module files
[0.304s] Level 1:colcon.colcon_core.environment:checking '/home/iltebir/frost_princess/fp_tvc_ws/install/my_package' for CMake config files
[0.304s] Level 1:colcon.colcon_core.shell:create_environment_hook('my_package', 'cmake_prefix_path')
[0.304s] INFO:colcon.colcon_core.shell:Creating environment hook '/home/iltebir/frost_princess/fp_tvc_ws/install/my_package/share/my_package/hook/cmake_prefix_path.ps1'
[0.305s] INFO:colcon.colcon_core.shell:Creating environment descriptor '/home/iltebir/frost_princess/fp_tvc_ws/install/my_package/share/my_package/hook/cmake_prefix_path.dsv'
[0.306s] INFO:colcon.colcon_core.shell:Creating environment hook '/home/iltebir/frost_princess/fp_tvc_ws/install/my_package/share/my_package/hook/cmake_prefix_path.sh'
[0.307s] Level 1:colcon.colcon_core.environment:checking '/home/iltebir/frost_princess/fp_tvc_ws/install/my_package/lib'
[0.307s] Level 1:colcon.colcon_core.environment:checking '/home/iltebir/frost_princess/fp_tvc_ws/install/my_package/bin'
[0.307s] Level 1:colcon.colcon_core.environment:checking '/home/iltebir/frost_princess/fp_tvc_ws/install/my_package/lib/pkgconfig/my_package.pc'
[0.307s] Level 1:colcon.colcon_core.environment:checking '/home/iltebir/frost_princess/fp_tvc_ws/install/my_package/lib/python3.12/site-packages'
[0.308s] Level 1:colcon.colcon_core.environment:checking '/home/iltebir/frost_princess/fp_tvc_ws/install/my_package/bin'
[0.308s] INFO:colcon.colcon_core.shell:Creating package script '/home/iltebir/frost_princess/fp_tvc_ws/install/my_package/share/my_package/package.ps1'
[0.309s] INFO:colcon.colcon_core.shell:Creating package descriptor '/home/iltebir/frost_princess/fp_tvc_ws/install/my_package/share/my_package/package.dsv'
[0.310s] INFO:colcon.colcon_core.shell:Creating package script '/home/iltebir/frost_princess/fp_tvc_ws/install/my_package/share/my_package/package.sh'
[0.311s] INFO:colcon.colcon_core.shell:Creating package script '/home/iltebir/frost_princess/fp_tvc_ws/install/my_package/share/my_package/package.bash'
[0.311s] INFO:colcon.colcon_core.shell:Creating package script '/home/iltebir/frost_princess/fp_tvc_ws/install/my_package/share/my_package/package.zsh'
[0.312s] Level 1:colcon.colcon_core.environment:create_file_with_runtime_dependencies(/home/iltebir/frost_princess/fp_tvc_ws/install/my_package/share/colcon-core/packages/my_package)
[0.313s] Level 1:colcon.colcon_core.environment:create_environment_scripts_only(my_package)
[0.313s] Level 1:colcon.colcon_core.environment:checking '/home/iltebir/frost_princess/fp_tvc_ws/install/my_package' for CMake module files
[0.313s] Level 1:colcon.colcon_core.environment:checking '/home/iltebir/frost_princess/fp_tvc_ws/install/my_package' for CMake config files
[0.313s] Level 1:colcon.colcon_core.shell:create_environment_hook('my_package', 'cmake_prefix_path')
[0.314s] INFO:colcon.colcon_core.shell:Creating environment hook '/home/iltebir/frost_princess/fp_tvc_ws/install/my_package/share/my_package/hook/cmake_prefix_path.ps1'
[0.314s] INFO:colcon.colcon_core.shell:Creating environment descriptor '/home/iltebir/frost_princess/fp_tvc_ws/install/my_package/share/my_package/hook/cmake_prefix_path.dsv'
[0.314s] INFO:colcon.colcon_core.shell:Creating environment hook '/home/iltebir/frost_princess/fp_tvc_ws/install/my_package/share/my_package/hook/cmake_prefix_path.sh'
[0.315s] Level 1:colcon.colcon_core.environment:checking '/home/iltebir/frost_princess/fp_tvc_ws/install/my_package/lib'
[0.315s] Level 1:colcon.colcon_core.environment:checking '/home/iltebir/frost_princess/fp_tvc_ws/install/my_package/bin'
[0.315s] Level 1:colcon.colcon_core.environment:checking '/home/iltebir/frost_princess/fp_tvc_ws/install/my_package/lib/pkgconfig/my_package.pc'
[0.315s] Level 1:colcon.colcon_core.environment:checking '/home/iltebir/frost_princess/fp_tvc_ws/install/my_package/lib/python3.12/site-packages'
[0.316s] Level 1:colcon.colcon_core.environment:checking '/home/iltebir/frost_princess/fp_tvc_ws/install/my_package/bin'
[0.316s] INFO:colcon.colcon_core.shell:Creating package script '/home/iltebir/frost_princess/fp_tvc_ws/install/my_package/share/my_package/package.ps1'
[0.317s] INFO:colcon.colcon_core.shell:Creating package descriptor '/home/iltebir/frost_princess/fp_tvc_ws/install/my_package/share/my_package/package.dsv'
[0.317s] INFO:colcon.colcon_core.shell:Creating package script '/home/iltebir/frost_princess/fp_tvc_ws/install/my_package/share/my_package/package.sh'
[0.317s] INFO:colcon.colcon_core.shell:Creating package script '/home/iltebir/frost_princess/fp_tvc_ws/install/my_package/share/my_package/package.bash'
[0.318s] INFO:colcon.colcon_core.shell:Creating package script '/home/iltebir/frost_princess/fp_tvc_ws/install/my_package/share/my_package/package.zsh'
[0.318s] Level 1:colcon.colcon_core.environment:create_file_with_runtime_dependencies(/home/iltebir/frost_princess/fp_tvc_ws/install/my_package/share/colcon-core/packages/my_package)
[0.319s] Level 1:colcon.colcon_core.environment:create_environment_scripts_only(cpp_pubsub)
[0.319s] DEBUG:colcon.colcon_core.event_handler.log_command:Invoked command in '/home/iltebir/frost_princess/fp_tvc_ws/build/cpp_pubsub' returned '0': CMAKE_PREFIX_PATH=${CMAKE_PREFIX_PATH}:/opt/ros/jazzy DEBUGINFOD_URLS=https://debuginfod.ubuntu.com /usr/bin/cmake --install /home/iltebir/frost_princess/fp_tvc_ws/build/cpp_pubsub
[0.320s] Level 1:colcon.colcon_core.environment:checking '/home/iltebir/frost_princess/fp_tvc_ws/install/cpp_pubsub' for CMake module files
[0.320s] Level 1:colcon.colcon_core.environment:checking '/home/iltebir/frost_princess/fp_tvc_ws/install/cpp_pubsub' for CMake config files
[0.321s] Level 1:colcon.colcon_core.shell:create_environment_hook('cpp_pubsub', 'cmake_prefix_path')
[0.321s] INFO:colcon.colcon_core.shell:Creating environment hook '/home/iltebir/frost_princess/fp_tvc_ws/install/cpp_pubsub/share/cpp_pubsub/hook/cmake_prefix_path.ps1'
[0.322s] INFO:colcon.colcon_core.shell:Creating environment descriptor '/home/iltebir/frost_princess/fp_tvc_ws/install/cpp_pubsub/share/cpp_pubsub/hook/cmake_prefix_path.dsv'
[0.322s] INFO:colcon.colcon_core.shell:Creating environment hook '/home/iltebir/frost_princess/fp_tvc_ws/install/cpp_pubsub/share/cpp_pubsub/hook/cmake_prefix_path.sh'
[0.323s] Level 1:colcon.colcon_core.environment:checking '/home/iltebir/frost_princess/fp_tvc_ws/install/cpp_pubsub/lib'
[0.323s] Level 1:colcon.colcon_core.environment:checking '/home/iltebir/frost_princess/fp_tvc_ws/install/cpp_pubsub/bin'
[0.323s] Level 1:colcon.colcon_core.environment:checking '/home/iltebir/frost_princess/fp_tvc_ws/install/cpp_pubsub/lib/pkgconfig/cpp_pubsub.pc'
[0.323s] Level 1:colcon.colcon_core.environment:checking '/home/iltebir/frost_princess/fp_tvc_ws/install/cpp_pubsub/lib/python3.12/site-packages'
[0.324s] Level 1:colcon.colcon_core.environment:checking '/home/iltebir/frost_princess/fp_tvc_ws/install/cpp_pubsub/bin'
[0.324s] INFO:colcon.colcon_core.shell:Creating package script '/home/iltebir/frost_princess/fp_tvc_ws/install/cpp_pubsub/share/cpp_pubsub/package.ps1'
[0.325s] INFO:colcon.colcon_core.shell:Creating package descriptor '/home/iltebir/frost_princess/fp_tvc_ws/install/cpp_pubsub/share/cpp_pubsub/package.dsv'
[0.325s] INFO:colcon.colcon_core.shell:Creating package script '/home/iltebir/frost_princess/fp_tvc_ws/install/cpp_pubsub/share/cpp_pubsub/package.sh'
[0.326s] INFO:colcon.colcon_core.shell:Creating package script '/home/iltebir/frost_princess/fp_tvc_ws/install/cpp_pubsub/share/cpp_pubsub/package.bash'
[0.326s] INFO:colcon.colcon_core.shell:Creating package script '/home/iltebir/frost_princess/fp_tvc_ws/install/cpp_pubsub/share/cpp_pubsub/package.zsh'
[0.327s] Level 1:colcon.colcon_core.environment:create_file_with_runtime_dependencies(/home/iltebir/frost_princess/fp_tvc_ws/install/cpp_pubsub/share/colcon-core/packages/cpp_pubsub)
[0.327s] Level 1:colcon.colcon_core.environment:create_environment_scripts_only(cpp_pubsub)
[0.327s] Level 1:colcon.colcon_core.environment:checking '/home/iltebir/frost_princess/fp_tvc_ws/install/cpp_pubsub' for CMake module files
[0.328s] Level 1:colcon.colcon_core.environment:checking '/home/iltebir/frost_princess/fp_tvc_ws/install/cpp_pubsub' for CMake config files
[0.328s] Level 1:colcon.colcon_core.shell:create_environment_hook('cpp_pubsub', 'cmake_prefix_path')
[0.328s] INFO:colcon.colcon_core.shell:Creating environment hook '/home/iltebir/frost_princess/fp_tvc_ws/install/cpp_pubsub/share/cpp_pubsub/hook/cmake_prefix_path.ps1'
[0.328s] INFO:colcon.colcon_core.shell:Creating environment descriptor '/home/iltebir/frost_princess/fp_tvc_ws/install/cpp_pubsub/share/cpp_pubsub/hook/cmake_prefix_path.dsv'
[0.328s] INFO:colcon.colcon_core.shell:Creating environment hook '/home/iltebir/frost_princess/fp_tvc_ws/install/cpp_pubsub/share/cpp_pubsub/hook/cmake_prefix_path.sh'
[0.329s] Level 1:colcon.colcon_core.environment:checking '/home/iltebir/frost_princess/fp_tvc_ws/install/cpp_pubsub/lib'
[0.329s] Level 1:colcon.colcon_core.environment:checking '/home/iltebir/frost_princess/fp_tvc_ws/install/cpp_pubsub/bin'
[0.329s] Level 1:colcon.colcon_core.environment:checking '/home/iltebir/frost_princess/fp_tvc_ws/install/cpp_pubsub/lib/pkgconfig/cpp_pubsub.pc'
[0.329s] Level 1:colcon.colcon_core.environment:checking '/home/iltebir/frost_princess/fp_tvc_ws/install/cpp_pubsub/lib/python3.12/site-packages'
[0.329s] Level 1:colcon.colcon_core.environment:checking '/home/iltebir/frost_princess/fp_tvc_ws/install/cpp_pubsub/bin'
[0.329s] INFO:colcon.colcon_core.shell:Creating package script '/home/iltebir/frost_princess/fp_tvc_ws/install/cpp_pubsub/share/cpp_pubsub/package.ps1'
[0.330s] INFO:colcon.colcon_core.shell:Creating package descriptor '/home/iltebir/frost_princess/fp_tvc_ws/install/cpp_pubsub/share/cpp_pubsub/package.dsv'
[0.330s] INFO:colcon.colcon_core.shell:Creating package script '/home/iltebir/frost_princess/fp_tvc_ws/install/cpp_pubsub/share/cpp_pubsub/package.sh'
[0.330s] INFO:colcon.colcon_core.shell:Creating package script '/home/iltebir/frost_princess/fp_tvc_ws/install/cpp_pubsub/share/cpp_pubsub/package.bash'
[0.330s] INFO:colcon.colcon_core.shell:Creating package script '/home/iltebir/frost_princess/fp_tvc_ws/install/cpp_pubsub/share/cpp_pubsub/package.zsh'
[0.330s] Level 1:colcon.colcon_core.environment:create_file_with_runtime_dependencies(/home/iltebir/frost_princess/fp_tvc_ws/install/cpp_pubsub/share/colcon-core/packages/cpp_pubsub)
[0.918s] DEBUG:colcon.colcon_core.event_handler.log_command:Invoked command in '/home/iltebir/frost_princess/fp_tvc_ws/build/rocket_description' returned '0': CMAKE_PREFIX_PATH=${CMAKE_PREFIX_PATH}:/opt/ros/jazzy DEBUGINFOD_URLS=https://debuginfod.ubuntu.com /usr/bin/cmake /home/iltebir/frost_princess/fp_tvc_ws/src/rocket_description -DCMAKE_INSTALL_PREFIX=/home/iltebir/frost_princess/fp_tvc_ws/install/rocket_description
[0.919s] DEBUG:colcon.colcon_core.event_handler.log_command:Invoking command in '/home/iltebir/frost_princess/fp_tvc_ws/build/rocket_description': CMAKE_PREFIX_PATH=${CMAKE_PREFIX_PATH}:/opt/ros/jazzy DEBUGINFOD_URLS=https://debuginfod.ubuntu.com /usr/bin/cmake --build /home/iltebir/frost_princess/fp_tvc_ws/build/rocket_description -- -j12 -l12
[0.920s] DEBUG:colcon.colcon_core.event_handler.log_command:Invoked command in '/home/iltebir/frost_princess/fp_tvc_ws/build/rocket_gazebo' returned '0': CMAKE_PREFIX_PATH=${CMAKE_PREFIX_PATH}:/opt/ros/jazzy DEBUGINFOD_URLS=https://debuginfod.ubuntu.com /usr/bin/cmake /home/iltebir/frost_princess/fp_tvc_ws/src/rocket_gazebo -DCMAKE_INSTALL_PREFIX=/home/iltebir/frost_princess/fp_tvc_ws/install/rocket_gazebo
[0.921s] DEBUG:colcon.colcon_core.event_handler.log_command:Invoking command in '/home/iltebir/frost_princess/fp_tvc_ws/build/rocket_gazebo': CMAKE_PREFIX_PATH=${CMAKE_PREFIX_PATH}:/opt/ros/jazzy DEBUGINFOD_URLS=https://debuginfod.ubuntu.com /usr/bin/cmake --build /home/iltebir/frost_princess/fp_tvc_ws/build/rocket_gazebo -- -j12 -l12
[0.960s] DEBUG:colcon.colcon_core.event_handler.log_command:Invoked command in '/home/iltebir/frost_princess/fp_tvc_ws/build/rocket_description' returned '0': CMAKE_PREFIX_PATH=${CMAKE_PREFIX_PATH}:/opt/ros/jazzy DEBUGINFOD_URLS=https://debuginfod.ubuntu.com /usr/bin/cmake --build /home/iltebir/frost_princess/fp_tvc_ws/build/rocket_description -- -j12 -l12
[0.961s] DEBUG:colcon.colcon_core.event_handler.log_command:Invoking command in '/home/iltebir/frost_princess/fp_tvc_ws/build/rocket_description': CMAKE_PREFIX_PATH=${CMAKE_PREFIX_PATH}:/opt/ros/jazzy DEBUGINFOD_URLS=https://debuginfod.ubuntu.com /usr/bin/cmake --install /home/iltebir/frost_princess/fp_tvc_ws/build/rocket_description
[0.962s] DEBUG:colcon.colcon_core.event_handler.log_command:Invoked command in '/home/iltebir/frost_princess/fp_tvc_ws/build/rocket_gazebo' returned '0': CMAKE_PREFIX_PATH=${CMAKE_PREFIX_PATH}:/opt/ros/jazzy DEBUGINFOD_URLS=https://debuginfod.ubuntu.com /usr/bin/cmake --build /home/iltebir/frost_princess/fp_tvc_ws/build/rocket_gazebo -- -j12 -l12
[0.963s] DEBUG:colcon.colcon_core.event_handler.log_command:Invoking command in '/home/iltebir/frost_princess/fp_tvc_ws/build/rocket_gazebo': CMAKE_PREFIX_PATH=${CMAKE_PREFIX_PATH}:/opt/ros/jazzy DEBUGINFOD_URLS=https://debuginfod.ubuntu.com /usr/bin/cmake --install /home/iltebir/frost_princess/fp_tvc_ws/build/rocket_gazebo
[0.975s] Level 1:colcon.colcon_core.environment:create_environment_scripts_only(rocket_description)
[0.975s] Level 1:colcon.colcon_core.environment:checking '/home/iltebir/frost_princess/fp_tvc_ws/install/rocket_description' for CMake module files
[0.976s] Level 1:colcon.colcon_core.environment:checking '/home/iltebir/frost_princess/fp_tvc_ws/install/rocket_description' for CMake config files
[0.977s] DEBUG:colcon.colcon_core.event_handler.log_command:Invoked command in '/home/iltebir/frost_princess/fp_tvc_ws/build/rocket_description' returned '0': CMAKE_PREFIX_PATH=${CMAKE_PREFIX_PATH}:/opt/ros/jazzy DEBUGINFOD_URLS=https://debuginfod.ubuntu.com /usr/bin/cmake --install /home/iltebir/frost_princess/fp_tvc_ws/build/rocket_description
[0.977s] Level 1:colcon.colcon_core.shell:create_environment_hook('rocket_description', 'cmake_prefix_path')
[0.977s] INFO:colcon.colcon_core.shell:Creating environment hook '/home/iltebir/frost_princess/fp_tvc_ws/install/rocket_description/share/rocket_description/hook/cmake_prefix_path.ps1'
[0.978s] INFO:colcon.colcon_core.shell:Creating environment descriptor '/home/iltebir/frost_princess/fp_tvc_ws/install/rocket_description/share/rocket_description/hook/cmake_prefix_path.dsv'
[0.978s] INFO:colcon.colcon_core.shell:Creating environment hook '/home/iltebir/frost_princess/fp_tvc_ws/install/rocket_description/share/rocket_description/hook/cmake_prefix_path.sh'
[0.979s] Level 1:colcon.colcon_core.environment:checking '/home/iltebir/frost_princess/fp_tvc_ws/install/rocket_description/bin'
[0.979s] Level 1:colcon.colcon_core.environment:checking '/home/iltebir/frost_princess/fp_tvc_ws/install/rocket_description/lib/pkgconfig/rocket_description.pc'
[0.979s] Level 1:colcon.colcon_core.environment:checking '/home/iltebir/frost_princess/fp_tvc_ws/install/rocket_description/lib/python3.12/site-packages'
[0.979s] Level 1:colcon.colcon_core.environment:checking '/home/iltebir/frost_princess/fp_tvc_ws/install/rocket_description/bin'
[0.979s] INFO:colcon.colcon_core.shell:Creating package script '/home/iltebir/frost_princess/fp_tvc_ws/install/rocket_description/share/rocket_description/package.ps1'
[0.980s] INFO:colcon.colcon_core.shell:Creating package descriptor '/home/iltebir/frost_princess/fp_tvc_ws/install/rocket_description/share/rocket_description/package.dsv'
[0.980s] INFO:colcon.colcon_core.shell:Creating package script '/home/iltebir/frost_princess/fp_tvc_ws/install/rocket_description/share/rocket_description/package.sh'
[0.981s] INFO:colcon.colcon_core.shell:Creating package script '/home/iltebir/frost_princess/fp_tvc_ws/install/rocket_description/share/rocket_description/package.bash'
[0.981s] INFO:colcon.colcon_core.shell:Creating package script '/home/iltebir/frost_princess/fp_tvc_ws/install/rocket_description/share/rocket_description/package.zsh'
[0.982s] Level 1:colcon.colcon_core.environment:create_file_with_runtime_dependencies(/home/iltebir/frost_princess/fp_tvc_ws/install/rocket_description/share/colcon-core/packages/rocket_description)
[0.982s] Level 1:colcon.colcon_core.environment:create_environment_scripts_only(rocket_description)
[0.982s] Level 1:colcon.colcon_core.environment:checking '/home/iltebir/frost_princess/fp_tvc_ws/install/rocket_description' for CMake module files
[0.983s] Level 1:colcon.colcon_core.environment:checking '/home/iltebir/frost_princess/fp_tvc_ws/install/rocket_description' for CMake config files
[0.983s] Level 1:colcon.colcon_core.shell:create_environment_hook('rocket_description', 'cmake_prefix_path')
[0.983s] INFO:colcon.colcon_core.shell:Creating environment hook '/home/iltebir/frost_princess/fp_tvc_ws/install/rocket_description/share/rocket_description/hook/cmake_prefix_path.ps1'
[0.984s] INFO:colcon.colcon_core.shell:Creating environment descriptor '/home/iltebir/frost_princess/fp_tvc_ws/install/rocket_description/share/rocket_description/hook/cmake_prefix_path.dsv'
[0.984s] INFO:colcon.colcon_core.shell:Creating environment hook '/home/iltebir/frost_princess/fp_tvc_ws/install/rocket_description/share/rocket_description/hook/cmake_prefix_path.sh'
[0.985s] Level 1:colcon.colcon_core.environment:checking '/home/iltebir/frost_princess/fp_tvc_ws/install/rocket_description/bin'
[0.985s] Level 1:colcon.colcon_core.environment:checking '/home/iltebir/frost_princess/fp_tvc_ws/install/rocket_description/lib/pkgconfig/rocket_description.pc'
[0.985s] Level 1:colcon.colcon_core.environment:checking '/home/iltebir/frost_princess/fp_tvc_ws/install/rocket_description/lib/python3.12/site-packages'
[0.985s] Level 1:colcon.colcon_core.environment:checking '/home/iltebir/frost_princess/fp_tvc_ws/install/rocket_description/bin'
[0.986s] INFO:colcon.colcon_core.shell:Creating package script '/home/iltebir/frost_princess/fp_tvc_ws/install/rocket_description/share/rocket_description/package.ps1'
[0.986s] INFO:colcon.colcon_core.shell:Creating package descriptor '/home/iltebir/frost_princess/fp_tvc_ws/install/rocket_description/share/rocket_description/package.dsv'
[0.987s] INFO:colcon.colcon_core.shell:Creating package script '/home/iltebir/frost_princess/fp_tvc_ws/install/rocket_description/share/rocket_description/package.sh'
[0.987s] INFO:colcon.colcon_core.shell:Creating package script '/home/iltebir/frost_princess/fp_tvc_ws/install/rocket_description/share/rocket_description/package.bash'
[0.987s] INFO:colcon.colcon_core.shell:Creating package script '/home/iltebir/frost_princess/fp_tvc_ws/install/rocket_description/share/rocket_description/package.zsh'
[0.988s] Level 1:colcon.colcon_core.environment:create_file_with_runtime_dependencies(/home/iltebir/frost_princess/fp_tvc_ws/install/rocket_description/share/colcon-core/packages/rocket_description)
[0.989s] Level 1:colcon.colcon_core.environment:create_environment_scripts_only(rocket_gazebo)
[0.990s] Level 1:colcon.colcon_core.environment:checking '/home/iltebir/frost_princess/fp_tvc_ws/install/rocket_gazebo' for CMake module files
[0.990s] DEBUG:colcon.colcon_core.event_handler.log_command:Invoked command in '/home/iltebir/frost_princess/fp_tvc_ws/build/rocket_gazebo' returned '0': CMAKE_PREFIX_PATH=${CMAKE_PREFIX_PATH}:/opt/ros/jazzy DEBUGINFOD_URLS=https://debuginfod.ubuntu.com /usr/bin/cmake --install /home/iltebir/frost_princess/fp_tvc_ws/build/rocket_gazebo
[0.991s] Level 1:colcon.colcon_core.environment:checking '/home/iltebir/frost_princess/fp_tvc_ws/install/rocket_gazebo' for CMake config files
[0.991s] Level 1:colcon.colcon_core.shell:create_environment_hook('rocket_gazebo', 'cmake_prefix_path')
[0.991s] INFO:colcon.colcon_core.shell:Creating environment hook '/home/iltebir/frost_princess/fp_tvc_ws/install/rocket_gazebo/share/rocket_gazebo/hook/cmake_prefix_path.ps1'
[0.992s] INFO:colcon.colcon_core.shell:Creating environment descriptor '/home/iltebir/frost_princess/fp_tvc_ws/install/rocket_gazebo/share/rocket_gazebo/hook/cmake_prefix_path.dsv'
[0.992s] INFO:colcon.colcon_core.shell:Creating environment hook '/home/iltebir/frost_princess/fp_tvc_ws/install/rocket_gazebo/share/rocket_gazebo/hook/cmake_prefix_path.sh'
[0.993s] Level 1:colcon.colcon_core.environment:checking '/home/iltebir/frost_princess/fp_tvc_ws/install/rocket_gazebo/bin'
[0.993s] Level 1:colcon.colcon_core.environment:checking '/home/iltebir/frost_princess/fp_tvc_ws/install/rocket_gazebo/lib/pkgconfig/rocket_gazebo.pc'
[0.993s] Level 1:colcon.colcon_core.environment:checking '/home/iltebir/frost_princess/fp_tvc_ws/install/rocket_gazebo/lib/python3.12/site-packages'
[0.994s] Level 1:colcon.colcon_core.environment:checking '/home/iltebir/frost_princess/fp_tvc_ws/install/rocket_gazebo/bin'
[0.994s] INFO:colcon.colcon_core.shell:Creating package script '/home/iltebir/frost_princess/fp_tvc_ws/install/rocket_gazebo/share/rocket_gazebo/package.ps1'
[0.995s] INFO:colcon.colcon_core.shell:Creating package descriptor '/home/iltebir/frost_princess/fp_tvc_ws/install/rocket_gazebo/share/rocket_gazebo/package.dsv'
[0.995s] INFO:colcon.colcon_core.shell:Creating package script '/home/iltebir/frost_princess/fp_tvc_ws/install/rocket_gazebo/share/rocket_gazebo/package.sh'
[0.996s] INFO:colcon.colcon_core.shell:Creating package script '/home/iltebir/frost_princess/fp_tvc_ws/install/rocket_gazebo/share/rocket_gazebo/package.bash'
[0.996s] INFO:colcon.colcon_core.shell:Creating package script '/home/iltebir/frost_princess/fp_tvc_ws/install/rocket_gazebo/share/rocket_gazebo/package.zsh'
[0.996s] Level 1:colcon.colcon_core.environment:create_file_with_runtime_dependencies(/home/iltebir/frost_princess/fp_tvc_ws/install/rocket_gazebo/share/colcon-core/packages/rocket_gazebo)
[0.997s] Level 1:colcon.colcon_core.environment:create_environment_scripts_only(rocket_gazebo)
[0.997s] Level 1:colcon.colcon_core.environment:checking '/home/iltebir/frost_princess/fp_tvc_ws/install/rocket_gazebo' for CMake module files
[0.998s] Level 1:colcon.colcon_core.environment:checking '/home/iltebir/frost_princess/fp_tvc_ws/install/rocket_gazebo' for CMake config files
[0.998s] Level 1:colcon.colcon_core.shell:create_environment_hook('rocket_gazebo', 'cmake_prefix_path')
[0.998s] INFO:colcon.colcon_core.shell:Creating environment hook '/home/iltebir/frost_princess/fp_tvc_ws/install/rocket_gazebo/share/rocket_gazebo/hook/cmake_prefix_path.ps1'
[0.999s] INFO:colcon.colcon_core.shell:Creating environment descriptor '/home/iltebir/frost_princess/fp_tvc_ws/install/rocket_gazebo/share/rocket_gazebo/hook/cmake_prefix_path.dsv'
[0.999s] INFO:colcon.colcon_core.shell:Creating environment hook '/home/iltebir/frost_princess/fp_tvc_ws/install/rocket_gazebo/share/rocket_gazebo/hook/cmake_prefix_path.sh'
[1.000s] Level 1:colcon.colcon_core.environment:checking '/home/iltebir/frost_princess/fp_tvc_ws/install/rocket_gazebo/bin'
[1.000s] Level 1:colcon.colcon_core.environment:checking '/home/iltebir/frost_princess/fp_tvc_ws/install/rocket_gazebo/lib/pkgconfig/rocket_gazebo.pc'
[1.000s] Level 1:colcon.colcon_core.environment:checking '/home/iltebir/frost_princess/fp_tvc_ws/install/rocket_gazebo/lib/python3.12/site-packages'
[1.000s] Level 1:colcon.colcon_core.environment:checking '/home/iltebir/frost_princess/fp_tvc_ws/install/rocket_gazebo/bin'
[1.000s] INFO:colcon.colcon_core.shell:Creating package script '/home/iltebir/frost_princess/fp_tvc_ws/install/rocket_gazebo/share/rocket_gazebo/package.ps1'
[1.001s] INFO:colcon.colcon_core.shell:Creating package descriptor '/home/iltebir/frost_princess/fp_tvc_ws/install/rocket_gazebo/share/rocket_gazebo/package.dsv'
[1.001s] INFO:colcon.colcon_core.shell:Creating package script '/home/iltebir/frost_princess/fp_tvc_ws/install/rocket_gazebo/share/rocket_gazebo/package.sh'
[1.001s] INFO:colcon.colcon_core.shell:Creating package script '/home/iltebir/frost_princess/fp_tvc_ws/install/rocket_gazebo/share/rocket_gazebo/package.bash'
[1.002s] INFO:colcon.colcon_core.shell:Creating package script '/home/iltebir/frost_princess/fp_tvc_ws/install/rocket_gazebo/share/rocket_gazebo/package.zsh'
[1.002s] Level 1:colcon.colcon_core.environment:create_file_with_runtime_dependencies(/home/iltebir/frost_princess/fp_tvc_ws/install/rocket_gazebo/share/colcon-core/packages/rocket_gazebo)
[1.002s] DEBUG:colcon.colcon_parallel_executor.executor.parallel:closing loop
[1.002s] DEBUG:colcon.colcon_parallel_executor.executor.parallel:loop closed
[1.002s] DEBUG:colcon.colcon_parallel_executor.executor.parallel:run_until_complete finished with '0'
[1.002s] DEBUG:colcon.colcon_core.event_reactor:joining thread
[1.008s] INFO:colcon.colcon_core.plugin_system:Skipping extension 'colcon_notification.desktop_notification.terminal_notifier': Not used on non-Darwin systems
[1.008s] INFO:colcon.colcon_core.plugin_system:Skipping extension 'colcon_notification.desktop_notification.win32': Not used on non-Windows systems
[1.008s] INFO:colcon.colcon_notification.desktop_notification:Sending desktop notification using 'notify2'
[1.017s] DEBUG:colcon.colcon_core.event_reactor:joined thread
[1.017s] INFO:colcon.colcon_core.shell:Creating prefix script '/home/iltebir/frost_princess/fp_tvc_ws/install/local_setup.ps1'
[1.018s] INFO:colcon.colcon_core.shell:Creating prefix util module '/home/iltebir/frost_princess/fp_tvc_ws/install/_local_setup_util_ps1.py'
[1.019s] INFO:colcon.colcon_core.shell:Creating prefix chain script '/home/iltebir/frost_princess/fp_tvc_ws/install/setup.ps1'
[1.021s] INFO:colcon.colcon_core.shell:Creating prefix script '/home/iltebir/frost_princess/fp_tvc_ws/install/local_setup.sh'
[1.022s] INFO:colcon.colcon_core.shell:Creating prefix util module '/home/iltebir/frost_princess/fp_tvc_ws/install/_local_setup_util_sh.py'
[1.022s] INFO:colcon.colcon_core.shell:Creating prefix chain script '/home/iltebir/frost_princess/fp_tvc_ws/install/setup.sh'
[1.023s] INFO:colcon.colcon_core.shell:Creating prefix script '/home/iltebir/frost_princess/fp_tvc_ws/install/local_setup.bash'
[1.023s] INFO:colcon.colcon_core.shell:Creating prefix chain script '/home/iltebir/frost_princess/fp_tvc_ws/install/setup.bash'
[1.024s] INFO:colcon.colcon_core.shell:Creating prefix script '/home/iltebir/frost_princess/fp_tvc_ws/install/local_setup.zsh'
[1.025s] INFO:colcon.colcon_core.shell:Creating prefix chain script '/home/iltebir/frost_princess/fp_tvc_ws/install/setup.zsh'
