[0.008s] Invoking command in '/home/iltebir/frost_princess/fp_tvc_ws/build/my_package': CMAKE_PREFIX_PATH=${CMAKE_PREFIX_PATH}:/opt/ros/jazzy DEBUGINFOD_URLS=https://debuginfod.ubuntu.com /usr/bin/cmake /home/iltebir/frost_princess/fp_tvc_ws/src/my_package -DCMAKE_INSTALL_PREFIX=/home/iltebir/frost_princess/fp_tvc_ws/install/my_package
[0.103s] -- The C compiler identification is GNU 13.3.0
[0.167s] -- The CXX compiler identification is GNU 13.3.0
[0.182s] -- Detecting C compiler ABI info
[0.262s] -- Detecting C compiler ABI info - done
[0.269s] -- Check for working C compiler: /usr/bin/cc - skipped
[0.270s] -- Detecting C compile features
[0.270s] -- Detecting C compile features - done
[0.278s] -- Detecting CXX compiler ABI info
[0.357s] -- Detecting CXX compiler ABI info - done
[0.367s] -- Check for working CXX compiler: /usr/bin/c++ - skipped
[0.367s] -- Detecting CXX compile features
[0.367s] -- Detecting CXX compile features - done
[0.379s] -- Found ament_cmake: 2.5.6 (/opt/ros/jazzy/share/ament_cmake/cmake)
[0.492s] -- Found Python3: /usr/bin/python3 (found version "3.12.3") found components: Interpreter 
[0.594s] -- Found ament_lint_auto: 0.17.5 (/opt/ros/jazzy/share/ament_lint_auto/cmake)
[0.666s] -- Added test 'cppcheck' to perform static code analysis on C / C++ code
[0.667s] -- Configured cppcheck include dirs: $<BUILD_INTERFACE:/home/iltebir/frost_princess/fp_tvc_ws/src/my_package/include>
[0.667s] -- Configured cppcheck exclude dirs and/or files: 
[0.668s] -- Added test 'lint_cmake' to check CMake code style
[0.668s] -- Added test 'uncrustify' to check C / C++ code style
[0.668s] -- Configured uncrustify additional arguments: 
[0.669s] -- Added test 'xmllint' to check XML markup files
[0.670s] -- Configuring done (0.6s)
[0.673s] -- Generating done (0.0s)
[0.675s] -- Build files have been written to: /home/iltebir/frost_princess/fp_tvc_ws/build/my_package
[0.678s] Invoked command in '/home/iltebir/frost_princess/fp_tvc_ws/build/my_package' returned '0': CMAKE_PREFIX_PATH=${CMAKE_PREFIX_PATH}:/opt/ros/jazzy DEBUGINFOD_URLS=https://debuginfod.ubuntu.com /usr/bin/cmake /home/iltebir/frost_princess/fp_tvc_ws/src/my_package -DCMAKE_INSTALL_PREFIX=/home/iltebir/frost_princess/fp_tvc_ws/install/my_package
[0.680s] Invoking command in '/home/iltebir/frost_princess/fp_tvc_ws/build/my_package': CMAKE_PREFIX_PATH=${CMAKE_PREFIX_PATH}:/opt/ros/jazzy DEBUGINFOD_URLS=https://debuginfod.ubuntu.com /usr/bin/cmake --build /home/iltebir/frost_princess/fp_tvc_ws/build/my_package -- -j12 -l12
[0.722s] [ 50%] [32mBuilding CXX object CMakeFiles/my_node.dir/src/my_node.cpp.o[0m
[0.745s] [100%] [32m[1mLinking CXX executable my_node[0m
[0.779s] [100%] Built target my_node
[0.789s] Invoked command in '/home/iltebir/frost_princess/fp_tvc_ws/build/my_package' returned '0': CMAKE_PREFIX_PATH=${CMAKE_PREFIX_PATH}:/opt/ros/jazzy DEBUGINFOD_URLS=https://debuginfod.ubuntu.com /usr/bin/cmake --build /home/iltebir/frost_princess/fp_tvc_ws/build/my_package -- -j12 -l12
[0.797s] Invoking command in '/home/iltebir/frost_princess/fp_tvc_ws/build/my_package': CMAKE_PREFIX_PATH=${CMAKE_PREFIX_PATH}:/opt/ros/jazzy DEBUGINFOD_URLS=https://debuginfod.ubuntu.com /usr/bin/cmake --install /home/iltebir/frost_princess/fp_tvc_ws/build/my_package
[0.803s] -- Install configuration: ""
[0.803s] -- Installing: /home/iltebir/frost_princess/fp_tvc_ws/install/my_package/lib/my_package/my_node
[0.803s] -- Installing: /home/iltebir/frost_princess/fp_tvc_ws/install/my_package/share/ament_index/resource_index/package_run_dependencies/my_package
[0.803s] -- Installing: /home/iltebir/frost_princess/fp_tvc_ws/install/my_package/share/ament_index/resource_index/parent_prefix_path/my_package
[0.803s] -- Installing: /home/iltebir/frost_princess/fp_tvc_ws/install/my_package/share/my_package/environment/ament_prefix_path.sh
[0.803s] -- Installing: /home/iltebir/frost_princess/fp_tvc_ws/install/my_package/share/my_package/environment/ament_prefix_path.dsv
[0.804s] -- Installing: /home/iltebir/frost_princess/fp_tvc_ws/install/my_package/share/my_package/environment/path.sh
[0.804s] -- Installing: /home/iltebir/frost_princess/fp_tvc_ws/install/my_package/share/my_package/environment/path.dsv
[0.804s] -- Installing: /home/iltebir/frost_princess/fp_tvc_ws/install/my_package/share/my_package/local_setup.bash
[0.804s] -- Installing: /home/iltebir/frost_princess/fp_tvc_ws/install/my_package/share/my_package/local_setup.sh
[0.804s] -- Installing: /home/iltebir/frost_princess/fp_tvc_ws/install/my_package/share/my_package/local_setup.zsh
[0.804s] -- Installing: /home/iltebir/frost_princess/fp_tvc_ws/install/my_package/share/my_package/local_setup.dsv
[0.805s] -- Installing: /home/iltebir/frost_princess/fp_tvc_ws/install/my_package/share/my_package/package.dsv
[0.805s] -- Installing: /home/iltebir/frost_princess/fp_tvc_ws/install/my_package/share/ament_index/resource_index/packages/my_package
[0.805s] -- Installing: /home/iltebir/frost_princess/fp_tvc_ws/install/my_package/share/my_package/cmake/my_packageConfig.cmake
[0.805s] -- Installing: /home/iltebir/frost_princess/fp_tvc_ws/install/my_package/share/my_package/cmake/my_packageConfig-version.cmake
[0.805s] -- Installing: /home/iltebir/frost_princess/fp_tvc_ws/install/my_package/share/my_package/package.xml
[0.806s] Invoked command in '/home/iltebir/frost_princess/fp_tvc_ws/build/my_package' returned '0': CMAKE_PREFIX_PATH=${CMAKE_PREFIX_PATH}:/opt/ros/jazzy DEBUGINFOD_URLS=https://debuginfod.ubuntu.com /usr/bin/cmake --install /home/iltebir/frost_princess/fp_tvc_ws/build/my_package
